2022-07-12 10:54:08.024 [main] INFO  [com.limitway.current.LimitApplication:55] maincid  [,] - Starting LimitApplication on bogon with PID 22245 (/Users/zhaoyanan/Documents/workspace/limitway/target/classes started by zhaoyanan in /Users/zhaoyanan/Documents/workspace/limitway)
2022-07-12 10:54:08.032 [main] INFO  [com.limitway.current.LimitApplication:651] maincid  [,] - No active profile set, falling back to default profiles: default
2022-07-12 10:54:08.888 [main] INFO  [org.springframework.data.repository.config.RepositoryConfigurationDelegate:249] maincid  [,] - Multiple Spring Data modules found, entering strict repository configuration mode!
2022-07-12 10:54:08.894 [main] INFO  [org.springframework.data.repository.config.RepositoryConfigurationDelegate:127] maincid  [,] - Bootstrapping Spring Data Redis repositories in DEFAULT mode.
2022-07-12 10:54:08.949 [main] INFO  [org.springframework.data.repository.config.RepositoryConfigurationDelegate:187] maincid  [,] - Finished Spring Data repository scanning in 22ms. Found 0 Redis repository interfaces.
2022-07-12 10:54:10.305 [main] INFO  [org.springframework.boot.web.embedded.tomcat.TomcatWebServer:108] maincid  [,] - Tomcat initialized with port(s): 8080 (http)
2022-07-12 10:54:10.336 [main] INFO  [org.apache.coyote.http11.Http11NioProtocol:173] maincid  [,] - Initializing ProtocolHandler ["http-nio-8080"]
2022-07-12 10:54:10.337 [main] INFO  [org.apache.catalina.core.StandardService:173] maincid  [,] - Starting service [Tomcat]
2022-07-12 10:54:10.337 [main] INFO  [org.apache.catalina.core.StandardEngine:173] maincid  [,] - Starting Servlet engine: [Apache Tomcat/9.0.37]
2022-07-12 10:54:10.495 [main] INFO  [org.apache.catalina.core.ContainerBase.[Tomcat].[localhost].[/]:173] maincid  [,] - Initializing Spring embedded WebApplicationContext
2022-07-12 10:54:10.495 [main] INFO  [org.springframework.boot.web.servlet.context.ServletWebServerApplicationContext:285] maincid  [,] - Root WebApplicationContext: initialization completed in 2407 ms
2022-07-12 10:54:10.902 [main] INFO  [org.redisson.Version:41] maincid  [,] - Redisson 3.15.5
2022-07-12 10:54:11.337 [redisson-netty-2-21] INFO  [org.redisson.connection.pool.MasterPubSubConnectionPool:166] redisson-netty-2-21cid  [,] - 1 connections initialized for /127.0.0.1:6379
2022-07-12 10:54:11.376 [redisson-netty-2-22] INFO  [org.redisson.connection.pool.MasterConnectionPool:166] redisson-netty-2-22cid  [,] - 24 connections initialized for /127.0.0.1:6379
2022-07-12 10:54:12.702 [main] INFO  [org.springframework.scheduling.concurrent.ThreadPoolTaskExecutor:181] maincid  [,] - Initializing ExecutorService 'applicationTaskExecutor'
2022-07-12 10:54:13.296 [main] WARN  [org.springframework.boot.autoconfigure.freemarker.FreeMarkerAutoConfiguration:67] maincid  [,] - Cannot find template location(s): [classpath:/templates/] (please add some templates, check your FreeMarker configuration, or set spring.freemarker.checkTemplateLocation=false)
2022-07-12 10:54:13.369 [main] INFO  [org.apache.coyote.http11.Http11NioProtocol:173] maincid  [,] - Starting ProtocolHandler ["http-nio-8080"]
2022-07-12 10:54:13.385 [main] INFO  [org.springframework.boot.web.embedded.tomcat.TomcatWebServer:220] maincid  [,] - Tomcat started on port(s): 8080 (http) with context path ''
2022-07-12 10:54:13.394 [main] INFO  [com.limitway.current.LimitApplication:61] maincid  [,] - Started LimitApplication in 6.032 seconds (JVM running for 9.031)
2022-07-12 10:54:34.430 [http-nio-8080-exec-1] INFO  [org.apache.catalina.core.ContainerBase.[Tomcat].[localhost].[/]:173] http-nio-8080-exec-1cid  [,] - Initializing Spring DispatcherServlet 'dispatcherServlet'
2022-07-12 10:54:34.430 [http-nio-8080-exec-1] INFO  [org.springframework.web.servlet.DispatcherServlet:525] http-nio-8080-exec-1cid  [,] - Initializing Servlet 'dispatcherServlet'
2022-07-12 10:54:34.443 [http-nio-8080-exec-1] INFO  [org.springframework.web.servlet.DispatcherServlet:547] http-nio-8080-exec-1cid  [,] - Completed initialization in 13 ms
2022-07-12 10:54:34.868 [http-nio-8080-exec-1] ERROR [org.apache.catalina.core.ContainerBase.[Tomcat].[localhost].[/].[dispatcherServlet]:175] http-nio-8080-exec-1cid  [,] - Servlet.service() for servlet [dispatcherServlet] in context with path [] threw exception [Handler dispatch failed; nested exception is java.lang.IllegalAccessError: tried to access class com.limitway.current.base.ConfigTreeNode$State from class com.alibaba.fastjson2.reader.ObjectReader_1] with root cause
java.lang.IllegalAccessError: tried to access class com.limitway.current.base.ConfigTreeNode$State from class com.alibaba.fastjson2.reader.ObjectReader_1
	at com.alibaba.fastjson2.reader.ObjectReader_1.readObject(Unknown Source) ~[?:?]
	at com.alibaba.fastjson.JSON.parseObject(JSON.java:185) ~[fastjson-2.0.8.jar:?]
	at com.limitway.current.controller.LockController.stddd(LockController.java:70) ~[classes/:?]
	at sun.reflect.NativeMethodAccessorImpl.invoke0(Native Method) ~[?:1.8.0_181]
	at sun.reflect.NativeMethodAccessorImpl.invoke(NativeMethodAccessorImpl.java:62) ~[?:1.8.0_181]
	at sun.reflect.DelegatingMethodAccessorImpl.invoke(DelegatingMethodAccessorImpl.java:43) ~[?:1.8.0_181]
	at java.lang.reflect.Method.invoke(Method.java:498) ~[?:1.8.0_181]
	at org.springframework.web.method.support.InvocableHandlerMethod.doInvoke(InvocableHandlerMethod.java:190) ~[spring-web-5.2.8.RELEASE.jar:5.2.8.RELEASE]
	at org.springframework.web.method.support.InvocableHandlerMethod.invokeForRequest(InvocableHandlerMethod.java:138) ~[spring-web-5.2.8.RELEASE.jar:5.2.8.RELEASE]
	at org.springframework.web.servlet.mvc.method.annotation.ServletInvocableHandlerMethod.invokeAndHandle(ServletInvocableHandlerMethod.java:105) ~[spring-webmvc-5.2.8.RELEASE.jar:5.2.8.RELEASE]
	at org.springframework.web.servlet.mvc.method.annotation.RequestMappingHandlerAdapter.invokeHandlerMethod(RequestMappingHandlerAdapter.java:878) ~[spring-webmvc-5.2.8.RELEASE.jar:5.2.8.RELEASE]
	at org.springframework.web.servlet.mvc.method.annotation.RequestMappingHandlerAdapter.handleInternal(RequestMappingHandlerAdapter.java:792) ~[spring-webmvc-5.2.8.RELEASE.jar:5.2.8.RELEASE]
	at org.springframework.web.servlet.mvc.method.AbstractHandlerMethodAdapter.handle(AbstractHandlerMethodAdapter.java:87) ~[spring-webmvc-5.2.8.RELEASE.jar:5.2.8.RELEASE]
	at org.springframework.web.servlet.DispatcherServlet.doDispatch(DispatcherServlet.java:1040) ~[spring-webmvc-5.2.8.RELEASE.jar:5.2.8.RELEASE]
	at org.springframework.web.servlet.DispatcherServlet.doService(DispatcherServlet.java:943) ~[spring-webmvc-5.2.8.RELEASE.jar:5.2.8.RELEASE]
	at org.springframework.web.servlet.FrameworkServlet.processRequest(FrameworkServlet.java:1006) ~[spring-webmvc-5.2.8.RELEASE.jar:5.2.8.RELEASE]
	at org.springframework.web.servlet.FrameworkServlet.doGet(FrameworkServlet.java:898) ~[spring-webmvc-5.2.8.RELEASE.jar:5.2.8.RELEASE]
	at javax.servlet.http.HttpServlet.service(HttpServlet.java:626) ~[tomcat-embed-core-9.0.37.jar:4.0.FR]
	at org.springframework.web.servlet.FrameworkServlet.service(FrameworkServlet.java:883) ~[spring-webmvc-5.2.8.RELEASE.jar:5.2.8.RELEASE]
	at javax.servlet.http.HttpServlet.service(HttpServlet.java:733) ~[tomcat-embed-core-9.0.37.jar:4.0.FR]
	at org.apache.catalina.core.ApplicationFilterChain.internalDoFilter(ApplicationFilterChain.java:231) ~[tomcat-embed-core-9.0.37.jar:9.0.37]
	at org.apache.catalina.core.ApplicationFilterChain.doFilter(ApplicationFilterChain.java:166) ~[tomcat-embed-core-9.0.37.jar:9.0.37]
	at org.apache.tomcat.websocket.server.WsFilter.doFilter(WsFilter.java:53) ~[tomcat-embed-websocket-9.0.37.jar:9.0.37]
	at org.apache.catalina.core.ApplicationFilterChain.internalDoFilter(ApplicationFilterChain.java:193) ~[tomcat-embed-core-9.0.37.jar:9.0.37]
	at org.apache.catalina.core.ApplicationFilterChain.doFilter(ApplicationFilterChain.java:166) ~[tomcat-embed-core-9.0.37.jar:9.0.37]
	at org.springframework.web.filter.RequestContextFilter.doFilterInternal(RequestContextFilter.java:100) ~[spring-web-5.2.8.RELEASE.jar:5.2.8.RELEASE]
	at org.springframework.web.filter.OncePerRequestFilter.doFilter(OncePerRequestFilter.java:119) ~[spring-web-5.2.8.RELEASE.jar:5.2.8.RELEASE]
	at org.apache.catalina.core.ApplicationFilterChain.internalDoFilter(ApplicationFilterChain.java:193) ~[tomcat-embed-core-9.0.37.jar:9.0.37]
	at org.apache.catalina.core.ApplicationFilterChain.doFilter(ApplicationFilterChain.java:166) ~[tomcat-embed-core-9.0.37.jar:9.0.37]
	at org.springframework.web.filter.FormContentFilter.doFilterInternal(FormContentFilter.java:93) ~[spring-web-5.2.8.RELEASE.jar:5.2.8.RELEASE]
	at org.springframework.web.filter.OncePerRequestFilter.doFilter(OncePerRequestFilter.java:119) ~[spring-web-5.2.8.RELEASE.jar:5.2.8.RELEASE]
	at org.apache.catalina.core.ApplicationFilterChain.internalDoFilter(ApplicationFilterChain.java:193) ~[tomcat-embed-core-9.0.37.jar:9.0.37]
	at org.apache.catalina.core.ApplicationFilterChain.doFilter(ApplicationFilterChain.java:166) ~[tomcat-embed-core-9.0.37.jar:9.0.37]
	at org.springframework.web.filter.CharacterEncodingFilter.doFilterInternal(CharacterEncodingFilter.java:201) ~[spring-web-5.2.8.RELEASE.jar:5.2.8.RELEASE]
	at org.springframework.web.filter.OncePerRequestFilter.doFilter(OncePerRequestFilter.java:119) ~[spring-web-5.2.8.RELEASE.jar:5.2.8.RELEASE]
	at org.apache.catalina.core.ApplicationFilterChain.internalDoFilter(ApplicationFilterChain.java:193) ~[tomcat-embed-core-9.0.37.jar:9.0.37]
	at org.apache.catalina.core.ApplicationFilterChain.doFilter(ApplicationFilterChain.java:166) ~[tomcat-embed-core-9.0.37.jar:9.0.37]
	at org.apache.catalina.core.StandardWrapperValve.invoke(StandardWrapperValve.java:202) ~[tomcat-embed-core-9.0.37.jar:9.0.37]
	at org.apache.catalina.core.StandardContextValve.invoke(StandardContextValve.java:96) ~[tomcat-embed-core-9.0.37.jar:9.0.37]
	at org.apache.catalina.authenticator.AuthenticatorBase.invoke(AuthenticatorBase.java:541) ~[tomcat-embed-core-9.0.37.jar:9.0.37]
	at org.apache.catalina.core.StandardHostValve.invoke(StandardHostValve.java:139) ~[tomcat-embed-core-9.0.37.jar:9.0.37]
	at org.apache.catalina.valves.ErrorReportValve.invoke(ErrorReportValve.java:92) ~[tomcat-embed-core-9.0.37.jar:9.0.37]
	at org.apache.catalina.core.StandardEngineValve.invoke(StandardEngineValve.java:74) ~[tomcat-embed-core-9.0.37.jar:9.0.37]
	at org.apache.catalina.connector.CoyoteAdapter.service(CoyoteAdapter.java:343) ~[tomcat-embed-core-9.0.37.jar:9.0.37]
	at org.apache.coyote.http11.Http11Processor.service(Http11Processor.java:373) ~[tomcat-embed-core-9.0.37.jar:9.0.37]
	at org.apache.coyote.AbstractProcessorLight.process(AbstractProcessorLight.java:65) ~[tomcat-embed-core-9.0.37.jar:9.0.37]
	at org.apache.coyote.AbstractProtocol$ConnectionHandler.process(AbstractProtocol.java:868) ~[tomcat-embed-core-9.0.37.jar:9.0.37]
	at org.apache.tomcat.util.net.NioEndpoint$SocketProcessor.doRun(NioEndpoint.java:1589) ~[tomcat-embed-core-9.0.37.jar:9.0.37]
	at org.apache.tomcat.util.net.SocketProcessorBase.run(SocketProcessorBase.java:49) ~[tomcat-embed-core-9.0.37.jar:9.0.37]
	at java.util.concurrent.ThreadPoolExecutor.runWorker(ThreadPoolExecutor.java:1149) ~[?:1.8.0_181]
	at java.util.concurrent.ThreadPoolExecutor$Worker.run(ThreadPoolExecutor.java:624) ~[?:1.8.0_181]
	at org.apache.tomcat.util.threads.TaskThread$WrappingRunnable.run(TaskThread.java:61) ~[tomcat-embed-core-9.0.37.jar:9.0.37]
	at java.lang.Thread.run(Thread.java:748) [?:1.8.0_181]
