2022-03-24 09:38:07.615 [main] INFO  [com.limitway.current.DemoApplication:55] maincid  [,] - Starting DemoApplication using Java 1.8.0_181 on localhost with PID 20786 (/Users/zhaoyanan/Documents/workspace/limitway/target/classes started by zhaoyanan in /Users/zhaoyanan/Documents/workspace/limitway)
2022-03-24 09:38:07.625 [main] INFO  [com.limitway.current.DemoApplication:640] maincid  [,] - No active profile set, falling back to 1 default profile: "default"
2022-03-24 09:38:08.292 [main] INFO  [org.springframework.data.repository.config.RepositoryConfigurationDelegate:262] maincid  [,] - Multiple Spring Data modules found, entering strict repository configuration mode!
2022-03-24 09:38:08.295 [main] INFO  [org.springframework.data.repository.config.RepositoryConfigurationDelegate:132] maincid  [,] - Bootstrapping Spring Data Redis repositories in DEFAULT mode.
2022-03-24 09:38:08.318 [main] INFO  [org.springframework.data.repository.config.RepositoryConfigurationDelegate:201] maincid  [,] - Finished Spring Data repository scanning in 5 ms. Found 0 Redis repository interfaces.
2022-03-24 09:38:08.985 [main] INFO  [org.springframework.boot.web.embedded.tomcat.TomcatWebServer:108] maincid  [,] - Tomcat initialized with port(s): 8080 (http)
2022-03-24 09:38:08.993 [main] INFO  [org.apache.coyote.http11.Http11NioProtocol:173] maincid  [,] - Initializing ProtocolHandler ["http-nio-8080"]
2022-03-24 09:38:08.993 [main] INFO  [org.apache.catalina.core.StandardService:173] maincid  [,] - Starting service [Tomcat]
2022-03-24 09:38:08.993 [main] INFO  [org.apache.catalina.core.StandardEngine:173] maincid  [,] - Starting Servlet engine: [Apache Tomcat/9.0.58]
2022-03-24 09:38:09.056 [main] INFO  [org.apache.catalina.core.ContainerBase.[Tomcat].[localhost].[/]:173] maincid  [,] - Initializing Spring embedded WebApplicationContext
2022-03-24 09:38:09.057 [main] INFO  [org.springframework.boot.web.servlet.context.ServletWebServerApplicationContext:290] maincid  [,] - Root WebApplicationContext: initialization completed in 1386 ms
2022-03-24 09:38:09.824 [main] INFO  [org.apache.coyote.http11.Http11NioProtocol:173] maincid  [,] - Starting ProtocolHandler ["http-nio-8080"]
2022-03-24 09:38:09.845 [main] INFO  [org.springframework.boot.web.embedded.tomcat.TomcatWebServer:220] maincid  [,] - Tomcat started on port(s): 8080 (http) with context path ''
2022-03-24 09:38:09.853 [main] INFO  [com.limitway.current.DemoApplication:61] maincid  [,] - Started DemoApplication in 2.739 seconds (JVM running for 5.167)
2022-03-24 09:39:42.770 [http-nio-8080-exec-1] INFO  [org.apache.catalina.core.ContainerBase.[Tomcat].[localhost].[/]:173] http-nio-8080-exec-1cid  [,] - Initializing Spring DispatcherServlet 'dispatcherServlet'
2022-03-24 09:39:42.770 [http-nio-8080-exec-1] INFO  [org.springframework.web.servlet.DispatcherServlet:525] http-nio-8080-exec-1cid  [,] - Initializing Servlet 'dispatcherServlet'
2022-03-24 09:39:42.776 [http-nio-8080-exec-1] INFO  [org.springframework.web.servlet.DispatcherServlet:547] http-nio-8080-exec-1cid  [,] - Completed initialization in 6 ms
2022-03-24 09:39:43.485 [http-nio-8080-exec-1] INFO  [com.limitway.current.redisUtils.aop.LimitInterceptor:80] http-nio-8080-exec-1cid  [,] - Access try count is 1 for name= and key = TESTLIMITER1
2022-03-24 09:39:45.164 [http-nio-8080-exec-3] INFO  [com.limitway.current.redisUtils.aop.LimitInterceptor:80] http-nio-8080-exec-3cid  [,] - Access try count is 2 for name= and key = TESTLIMITER1
2022-03-24 09:39:46.527 [http-nio-8080-exec-5] INFO  [com.limitway.current.redisUtils.aop.LimitInterceptor:80] http-nio-8080-exec-5cid  [,] - Access try count is 3 for name= and key = TESTLIMITER1
2022-03-24 09:39:47.677 [http-nio-8080-exec-7] INFO  [com.limitway.current.redisUtils.aop.LimitInterceptor:80] http-nio-8080-exec-7cid  [,] - Access try count is 4 for name= and key = TESTLIMITER1
2022-03-24 09:39:47.691 [http-nio-8080-exec-7] ERROR [org.apache.catalina.core.ContainerBase.[Tomcat].[localhost].[/].[dispatcherServlet]:175] http-nio-8080-exec-7cid  [,] - Servlet.service() for servlet [dispatcherServlet] in context with path [] threw exception [Request processing failed; nested exception is java.lang.RuntimeException: You have been dragged into the blacklist] with root cause
java.lang.RuntimeException: You have been dragged into the blacklist
	at com.limitway.current.redisUtils.aop.LimitInterceptor.interceptor(LimitInterceptor.java:88) ~[classes/:?]
	at sun.reflect.NativeMethodAccessorImpl.invoke0(Native Method) ~[?:1.8.0_181]
	at sun.reflect.NativeMethodAccessorImpl.invoke(NativeMethodAccessorImpl.java:62) ~[?:1.8.0_181]
	at sun.reflect.DelegatingMethodAccessorImpl.invoke(DelegatingMethodAccessorImpl.java:43) ~[?:1.8.0_181]
	at java.lang.reflect.Method.invoke(Method.java:498) ~[?:1.8.0_181]
	at org.springframework.aop.aspectj.AbstractAspectJAdvice.invokeAdviceMethodWithGivenArgs(AbstractAspectJAdvice.java:634) ~[spring-aop-5.3.16.jar:5.3.16]
	at org.springframework.aop.aspectj.AbstractAspectJAdvice.invokeAdviceMethod(AbstractAspectJAdvice.java:624) ~[spring-aop-5.3.16.jar:5.3.16]
	at org.springframework.aop.aspectj.AspectJAroundAdvice.invoke(AspectJAroundAdvice.java:72) ~[spring-aop-5.3.16.jar:5.3.16]
	at org.springframework.aop.framework.ReflectiveMethodInvocation.proceed(ReflectiveMethodInvocation.java:175) ~[spring-aop-5.3.16.jar:5.3.16]
	at org.springframework.aop.framework.CglibAopProxy$CglibMethodInvocation.proceed(CglibAopProxy.java:753) ~[spring-aop-5.3.16.jar:5.3.16]
	at org.springframework.aop.interceptor.ExposeInvocationInterceptor.invoke(ExposeInvocationInterceptor.java:97) ~[spring-aop-5.3.16.jar:5.3.16]
	at org.springframework.aop.framework.ReflectiveMethodInvocation.proceed(ReflectiveMethodInvocation.java:186) ~[spring-aop-5.3.16.jar:5.3.16]
	at org.springframework.aop.framework.CglibAopProxy$CglibMethodInvocation.proceed(CglibAopProxy.java:753) ~[spring-aop-5.3.16.jar:5.3.16]
	at org.springframework.aop.framework.CglibAopProxy$DynamicAdvisedInterceptor.intercept(CglibAopProxy.java:698) ~[spring-aop-5.3.16.jar:5.3.16]
	at com.limitway.current.controller.LimiterController$$EnhancerBySpringCGLIB$$1bd79b9f.testLimiter1(<generated>) ~[classes/:?]
	at sun.reflect.NativeMethodAccessorImpl.invoke0(Native Method) ~[?:1.8.0_181]
	at sun.reflect.NativeMethodAccessorImpl.invoke(NativeMethodAccessorImpl.java:62) ~[?:1.8.0_181]
	at sun.reflect.DelegatingMethodAccessorImpl.invoke(DelegatingMethodAccessorImpl.java:43) ~[?:1.8.0_181]
	at java.lang.reflect.Method.invoke(Method.java:498) ~[?:1.8.0_181]
	at org.springframework.web.method.support.InvocableHandlerMethod.doInvoke(InvocableHandlerMethod.java:205) ~[spring-web-5.3.16.jar:5.3.16]
	at org.springframework.web.method.support.InvocableHandlerMethod.invokeForRequest(InvocableHandlerMethod.java:150) ~[spring-web-5.3.16.jar:5.3.16]
	at org.springframework.web.servlet.mvc.method.annotation.ServletInvocableHandlerMethod.invokeAndHandle(ServletInvocableHandlerMethod.java:117) ~[spring-webmvc-5.3.16.jar:5.3.16]
	at org.springframework.web.servlet.mvc.method.annotation.RequestMappingHandlerAdapter.invokeHandlerMethod(RequestMappingHandlerAdapter.java:895) ~[spring-webmvc-5.3.16.jar:5.3.16]
	at org.springframework.web.servlet.mvc.method.annotation.RequestMappingHandlerAdapter.handleInternal(RequestMappingHandlerAdapter.java:808) ~[spring-webmvc-5.3.16.jar:5.3.16]
	at org.springframework.web.servlet.mvc.method.AbstractHandlerMethodAdapter.handle(AbstractHandlerMethodAdapter.java:87) ~[spring-webmvc-5.3.16.jar:5.3.16]
	at org.springframework.web.servlet.DispatcherServlet.doDispatch(DispatcherServlet.java:1067) ~[spring-webmvc-5.3.16.jar:5.3.16]
	at org.springframework.web.servlet.DispatcherServlet.doService(DispatcherServlet.java:963) ~[spring-webmvc-5.3.16.jar:5.3.16]
	at org.springframework.web.servlet.FrameworkServlet.processRequest(FrameworkServlet.java:1006) ~[spring-webmvc-5.3.16.jar:5.3.16]
	at org.springframework.web.servlet.FrameworkServlet.doGet(FrameworkServlet.java:898) ~[spring-webmvc-5.3.16.jar:5.3.16]
	at javax.servlet.http.HttpServlet.service(HttpServlet.java:655) ~[tomcat-embed-core-9.0.58.jar:4.0.FR]
	at org.springframework.web.servlet.FrameworkServlet.service(FrameworkServlet.java:883) ~[spring-webmvc-5.3.16.jar:5.3.16]
	at javax.servlet.http.HttpServlet.service(HttpServlet.java:764) ~[tomcat-embed-core-9.0.58.jar:4.0.FR]
	at org.apache.catalina.core.ApplicationFilterChain.internalDoFilter(ApplicationFilterChain.java:227) ~[tomcat-embed-core-9.0.58.jar:9.0.58]
	at org.apache.catalina.core.ApplicationFilterChain.doFilter(ApplicationFilterChain.java:162) ~[tomcat-embed-core-9.0.58.jar:9.0.58]
	at org.apache.tomcat.websocket.server.WsFilter.doFilter(WsFilter.java:53) ~[tomcat-embed-websocket-9.0.58.jar:9.0.58]
	at org.apache.catalina.core.ApplicationFilterChain.internalDoFilter(ApplicationFilterChain.java:189) ~[tomcat-embed-core-9.0.58.jar:9.0.58]
	at org.apache.catalina.core.ApplicationFilterChain.doFilter(ApplicationFilterChain.java:162) ~[tomcat-embed-core-9.0.58.jar:9.0.58]
	at org.springframework.web.filter.RequestContextFilter.doFilterInternal(RequestContextFilter.java:100) ~[spring-web-5.3.16.jar:5.3.16]
	at org.springframework.web.filter.OncePerRequestFilter.doFilter(OncePerRequestFilter.java:117) ~[spring-web-5.3.16.jar:5.3.16]
	at org.apache.catalina.core.ApplicationFilterChain.internalDoFilter(ApplicationFilterChain.java:189) ~[tomcat-embed-core-9.0.58.jar:9.0.58]
	at org.apache.catalina.core.ApplicationFilterChain.doFilter(ApplicationFilterChain.java:162) ~[tomcat-embed-core-9.0.58.jar:9.0.58]
	at org.springframework.web.filter.FormContentFilter.doFilterInternal(FormContentFilter.java:93) ~[spring-web-5.3.16.jar:5.3.16]
	at org.springframework.web.filter.OncePerRequestFilter.doFilter(OncePerRequestFilter.java:117) ~[spring-web-5.3.16.jar:5.3.16]
	at org.apache.catalina.core.ApplicationFilterChain.internalDoFilter(ApplicationFilterChain.java:189) ~[tomcat-embed-core-9.0.58.jar:9.0.58]
	at org.apache.catalina.core.ApplicationFilterChain.doFilter(ApplicationFilterChain.java:162) ~[tomcat-embed-core-9.0.58.jar:9.0.58]
	at org.springframework.web.filter.CharacterEncodingFilter.doFilterInternal(CharacterEncodingFilter.java:201) ~[spring-web-5.3.16.jar:5.3.16]
	at org.springframework.web.filter.OncePerRequestFilter.doFilter(OncePerRequestFilter.java:117) ~[spring-web-5.3.16.jar:5.3.16]
	at org.apache.catalina.core.ApplicationFilterChain.internalDoFilter(ApplicationFilterChain.java:189) ~[tomcat-embed-core-9.0.58.jar:9.0.58]
	at org.apache.catalina.core.ApplicationFilterChain.doFilter(ApplicationFilterChain.java:162) ~[tomcat-embed-core-9.0.58.jar:9.0.58]
	at org.apache.catalina.core.StandardWrapperValve.invoke(StandardWrapperValve.java:197) ~[tomcat-embed-core-9.0.58.jar:9.0.58]
	at org.apache.catalina.core.StandardContextValve.invoke(StandardContextValve.java:97) ~[tomcat-embed-core-9.0.58.jar:9.0.58]
	at org.apache.catalina.authenticator.AuthenticatorBase.invoke(AuthenticatorBase.java:540) ~[tomcat-embed-core-9.0.58.jar:9.0.58]
	at org.apache.catalina.core.StandardHostValve.invoke(StandardHostValve.java:135) ~[tomcat-embed-core-9.0.58.jar:9.0.58]
	at org.apache.catalina.valves.ErrorReportValve.invoke(ErrorReportValve.java:92) ~[tomcat-embed-core-9.0.58.jar:9.0.58]
	at org.apache.catalina.core.StandardEngineValve.invoke(StandardEngineValve.java:78) ~[tomcat-embed-core-9.0.58.jar:9.0.58]
	at org.apache.catalina.connector.CoyoteAdapter.service(CoyoteAdapter.java:359) ~[tomcat-embed-core-9.0.58.jar:9.0.58]
	at org.apache.coyote.http11.Http11Processor.service(Http11Processor.java:399) ~[tomcat-embed-core-9.0.58.jar:9.0.58]
	at org.apache.coyote.AbstractProcessorLight.process(AbstractProcessorLight.java:65) ~[tomcat-embed-core-9.0.58.jar:9.0.58]
	at org.apache.coyote.AbstractProtocol$ConnectionHandler.process(AbstractProtocol.java:889) ~[tomcat-embed-core-9.0.58.jar:9.0.58]
	at org.apache.tomcat.util.net.NioEndpoint$SocketProcessor.doRun(NioEndpoint.java:1735) ~[tomcat-embed-core-9.0.58.jar:9.0.58]
	at org.apache.tomcat.util.net.SocketProcessorBase.run(SocketProcessorBase.java:49) ~[tomcat-embed-core-9.0.58.jar:9.0.58]
	at org.apache.tomcat.util.threads.ThreadPoolExecutor.runWorker(ThreadPoolExecutor.java:1191) ~[tomcat-embed-core-9.0.58.jar:9.0.58]
	at org.apache.tomcat.util.threads.ThreadPoolExecutor$Worker.run(ThreadPoolExecutor.java:659) ~[tomcat-embed-core-9.0.58.jar:9.0.58]
	at org.apache.tomcat.util.threads.TaskThread$WrappingRunnable.run(TaskThread.java:61) ~[tomcat-embed-core-9.0.58.jar:9.0.58]
	at java.lang.Thread.run(Thread.java:748) [?:1.8.0_181]
