2022-07-12 11:00:21.841 [SpringContextShutdownHook] INFO  [org.springframework.scheduling.concurrent.ThreadPoolTaskExecutor:218] SpringContextShutdownHookcid  [,] - Shutting down ExecutorService 'applicationTaskExecutor'
2022-07-12 11:00:30.806 [main] INFO  [com.limitway.current.LimitApplication:55] maincid  [,] - Starting LimitApplication on bogon with PID 22328 (/Users/zhaoyanan/Documents/workspace/limitway/target/classes started by zhaoyanan in /Users/zhaoyanan/Documents/workspace/limitway)
2022-07-12 11:00:30.812 [main] INFO  [com.limitway.current.LimitApplication:651] maincid  [,] - No active profile set, falling back to default profiles: default
2022-07-12 11:00:31.336 [main] INFO  [org.springframework.data.repository.config.RepositoryConfigurationDelegate:249] maincid  [,] - Multiple Spring Data modules found, entering strict repository configuration mode!
2022-07-12 11:00:31.338 [main] INFO  [org.springframework.data.repository.config.RepositoryConfigurationDelegate:127] maincid  [,] - Bootstrapping Spring Data Redis repositories in DEFAULT mode.
2022-07-12 11:00:31.362 [main] INFO  [org.springframework.data.repository.config.RepositoryConfigurationDelegate:187] maincid  [,] - Finished Spring Data repository scanning in 12ms. Found 0 Redis repository interfaces.
2022-07-12 11:00:31.949 [main] INFO  [org.springframework.boot.web.embedded.tomcat.TomcatWebServer:108] maincid  [,] - Tomcat initialized with port(s): 8080 (http)
2022-07-12 11:00:31.956 [main] INFO  [org.apache.coyote.http11.Http11NioProtocol:173] maincid  [,] - Initializing ProtocolHandler ["http-nio-8080"]
2022-07-12 11:00:31.957 [main] INFO  [org.apache.catalina.core.StandardService:173] maincid  [,] - Starting service [Tomcat]
2022-07-12 11:00:31.957 [main] INFO  [org.apache.catalina.core.StandardEngine:173] maincid  [,] - Starting Servlet engine: [Apache Tomcat/9.0.37]
2022-07-12 11:00:32.017 [main] INFO  [org.apache.catalina.core.ContainerBase.[Tomcat].[localhost].[/]:173] maincid  [,] - Initializing Spring embedded WebApplicationContext
2022-07-12 11:00:32.017 [main] INFO  [org.springframework.boot.web.servlet.context.ServletWebServerApplicationContext:285] maincid  [,] - Root WebApplicationContext: initialization completed in 1166 ms
2022-07-12 11:00:32.156 [main] INFO  [org.redisson.Version:41] maincid  [,] - Redisson 3.15.5
2022-07-12 11:00:32.393 [redisson-netty-2-13] INFO  [org.redisson.connection.pool.MasterPubSubConnectionPool:166] redisson-netty-2-13cid  [,] - 1 connections initialized for /127.0.0.1:6379
2022-07-12 11:00:32.410 [redisson-netty-2-19] INFO  [org.redisson.connection.pool.MasterConnectionPool:166] redisson-netty-2-19cid  [,] - 24 connections initialized for /127.0.0.1:6379
2022-07-12 11:00:32.930 [main] INFO  [org.springframework.scheduling.concurrent.ThreadPoolTaskExecutor:181] maincid  [,] - Initializing ExecutorService 'applicationTaskExecutor'
2022-07-12 11:00:33.185 [main] WARN  [org.springframework.boot.autoconfigure.freemarker.FreeMarkerAutoConfiguration:67] maincid  [,] - Cannot find template location(s): [classpath:/templates/] (please add some templates, check your FreeMarker configuration, or set spring.freemarker.checkTemplateLocation=false)
2022-07-12 11:00:33.226 [main] INFO  [org.apache.coyote.http11.Http11NioProtocol:173] maincid  [,] - Starting ProtocolHandler ["http-nio-8080"]
2022-07-12 11:00:33.237 [main] INFO  [org.springframework.boot.web.embedded.tomcat.TomcatWebServer:220] maincid  [,] - Tomcat started on port(s): 8080 (http) with context path ''
2022-07-12 11:00:33.244 [main] INFO  [com.limitway.current.LimitApplication:61] maincid  [,] - Started LimitApplication in 2.991 seconds (JVM running for 4.747)
2022-07-12 11:00:37.263 [http-nio-8080-exec-1] INFO  [org.apache.catalina.core.ContainerBase.[Tomcat].[localhost].[/]:173] http-nio-8080-exec-1cid  [,] - Initializing Spring DispatcherServlet 'dispatcherServlet'
2022-07-12 11:00:37.263 [http-nio-8080-exec-1] INFO  [org.springframework.web.servlet.DispatcherServlet:525] http-nio-8080-exec-1cid  [,] - Initializing Servlet 'dispatcherServlet'
2022-07-12 11:00:37.276 [http-nio-8080-exec-1] INFO  [org.springframework.web.servlet.DispatcherServlet:547] http-nio-8080-exec-1cid  [,] - Completed initialization in 13 ms
2022-07-12 11:07:06.256 [SpringContextShutdownHook] INFO  [org.springframework.scheduling.concurrent.ThreadPoolTaskExecutor:218] SpringContextShutdownHookcid  [,] - Shutting down ExecutorService 'applicationTaskExecutor'
2022-07-12 11:07:15.079 [main] INFO  [com.limitway.current.LimitApplication:55] maincid  [,] - Starting LimitApplication on bogon with PID 22377 (/Users/zhaoyanan/Documents/workspace/limitway/target/classes started by zhaoyanan in /Users/zhaoyanan/Documents/workspace/limitway)
2022-07-12 11:07:15.086 [main] INFO  [com.limitway.current.LimitApplication:651] maincid  [,] - No active profile set, falling back to default profiles: default
2022-07-12 11:07:15.847 [main] INFO  [org.springframework.data.repository.config.RepositoryConfigurationDelegate:249] maincid  [,] - Multiple Spring Data modules found, entering strict repository configuration mode!
2022-07-12 11:07:15.850 [main] INFO  [org.springframework.data.repository.config.RepositoryConfigurationDelegate:127] maincid  [,] - Bootstrapping Spring Data Redis repositories in DEFAULT mode.
2022-07-12 11:07:15.874 [main] INFO  [org.springframework.data.repository.config.RepositoryConfigurationDelegate:187] maincid  [,] - Finished Spring Data repository scanning in 12ms. Found 0 Redis repository interfaces.
2022-07-12 11:07:16.450 [main] INFO  [org.springframework.boot.web.embedded.tomcat.TomcatWebServer:108] maincid  [,] - Tomcat initialized with port(s): 8080 (http)
2022-07-12 11:07:16.456 [main] INFO  [org.apache.coyote.http11.Http11NioProtocol:173] maincid  [,] - Initializing ProtocolHandler ["http-nio-8080"]
2022-07-12 11:07:16.456 [main] INFO  [org.apache.catalina.core.StandardService:173] maincid  [,] - Starting service [Tomcat]
2022-07-12 11:07:16.457 [main] INFO  [org.apache.catalina.core.StandardEngine:173] maincid  [,] - Starting Servlet engine: [Apache Tomcat/9.0.37]
2022-07-12 11:07:16.514 [main] INFO  [org.apache.catalina.core.ContainerBase.[Tomcat].[localhost].[/]:173] maincid  [,] - Initializing Spring embedded WebApplicationContext
2022-07-12 11:07:16.514 [main] INFO  [org.springframework.boot.web.servlet.context.ServletWebServerApplicationContext:285] maincid  [,] - Root WebApplicationContext: initialization completed in 1373 ms
2022-07-12 11:07:16.645 [main] INFO  [org.redisson.Version:41] maincid  [,] - Redisson 3.15.5
2022-07-12 11:07:16.879 [redisson-netty-2-23] INFO  [org.redisson.connection.pool.MasterPubSubConnectionPool:166] redisson-netty-2-23cid  [,] - 1 connections initialized for /127.0.0.1:6379
2022-07-12 11:07:16.892 [redisson-netty-2-19] INFO  [org.redisson.connection.pool.MasterConnectionPool:166] redisson-netty-2-19cid  [,] - 24 connections initialized for /127.0.0.1:6379
2022-07-12 11:07:17.409 [main] INFO  [org.springframework.scheduling.concurrent.ThreadPoolTaskExecutor:181] maincid  [,] - Initializing ExecutorService 'applicationTaskExecutor'
2022-07-12 11:07:17.683 [main] WARN  [org.springframework.boot.autoconfigure.freemarker.FreeMarkerAutoConfiguration:67] maincid  [,] - Cannot find template location(s): [classpath:/templates/] (please add some templates, check your FreeMarker configuration, or set spring.freemarker.checkTemplateLocation=false)
2022-07-12 11:07:17.719 [main] INFO  [org.apache.coyote.http11.Http11NioProtocol:173] maincid  [,] - Starting ProtocolHandler ["http-nio-8080"]
2022-07-12 11:07:17.730 [main] INFO  [org.springframework.boot.web.embedded.tomcat.TomcatWebServer:220] maincid  [,] - Tomcat started on port(s): 8080 (http) with context path ''
2022-07-12 11:07:17.740 [main] INFO  [com.limitway.current.LimitApplication:61] maincid  [,] - Started LimitApplication in 3.184 seconds (JVM running for 4.513)
2022-07-12 11:07:36.730 [http-nio-8080-exec-1] INFO  [org.apache.catalina.core.ContainerBase.[Tomcat].[localhost].[/]:173] http-nio-8080-exec-1cid  [,] - Initializing Spring DispatcherServlet 'dispatcherServlet'
2022-07-12 11:07:36.732 [http-nio-8080-exec-1] INFO  [org.springframework.web.servlet.DispatcherServlet:525] http-nio-8080-exec-1cid  [,] - Initializing Servlet 'dispatcherServlet'
2022-07-12 11:07:36.753 [http-nio-8080-exec-1] INFO  [org.springframework.web.servlet.DispatcherServlet:547] http-nio-8080-exec-1cid  [,] - Completed initialization in 21 ms
2022-07-12 11:07:37.143 [http-nio-8080-exec-1] ERROR [org.apache.catalina.core.ContainerBase.[Tomcat].[localhost].[/].[dispatcherServlet]:175] http-nio-8080-exec-1cid  [,] - Servlet.service() for servlet [dispatcherServlet] in context with path [] threw exception [Handler dispatch failed; nested exception is java.lang.IllegalAccessError: tried to access class com.limitway.current.base.ConfigTreeNode$State from class com.alibaba.fastjson2.reader.ObjectReader_1] with root cause
java.lang.IllegalAccessError: tried to access class com.limitway.current.base.ConfigTreeNode$State from class com.alibaba.fastjson2.reader.ObjectReader_1
	at com.alibaba.fastjson2.reader.ObjectReader_1.readObject(Unknown Source) ~[?:?]
	at com.alibaba.fastjson.JSON.parseObject(JSON.java:185) ~[fastjson-2.0.8.jar:?]
	at com.limitway.current.controller.LockController.stddd(LockController.java:70) ~[classes/:?]
	at sun.reflect.NativeMethodAccessorImpl.invoke0(Native Method) ~[?:1.8.0_181]
	at sun.reflect.NativeMethodAccessorImpl.invoke(NativeMethodAccessorImpl.java:62) ~[?:1.8.0_181]
	at sun.reflect.DelegatingMethodAccessorImpl.invoke(DelegatingMethodAccessorImpl.java:43) ~[?:1.8.0_181]
	at java.lang.reflect.Method.invoke(Method.java:498) ~[?:1.8.0_181]
	at org.springframework.web.method.support.InvocableHandlerMethod.doInvoke(InvocableHandlerMethod.java:190) ~[spring-web-5.2.8.RELEASE.jar:5.2.8.RELEASE]
	at org.springframework.web.method.support.InvocableHandlerMethod.invokeForRequest(InvocableHandlerMethod.java:138) ~[spring-web-5.2.8.RELEASE.jar:5.2.8.RELEASE]
	at org.springframework.web.servlet.mvc.method.annotation.ServletInvocableHandlerMethod.invokeAndHandle(ServletInvocableHandlerMethod.java:105) ~[spring-webmvc-5.2.8.RELEASE.jar:5.2.8.RELEASE]
	at org.springframework.web.servlet.mvc.method.annotation.RequestMappingHandlerAdapter.invokeHandlerMethod(RequestMappingHandlerAdapter.java:878) ~[spring-webmvc-5.2.8.RELEASE.jar:5.2.8.RELEASE]
	at org.springframework.web.servlet.mvc.method.annotation.RequestMappingHandlerAdapter.handleInternal(RequestMappingHandlerAdapter.java:792) ~[spring-webmvc-5.2.8.RELEASE.jar:5.2.8.RELEASE]
	at org.springframework.web.servlet.mvc.method.AbstractHandlerMethodAdapter.handle(AbstractHandlerMethodAdapter.java:87) ~[spring-webmvc-5.2.8.RELEASE.jar:5.2.8.RELEASE]
	at org.springframework.web.servlet.DispatcherServlet.doDispatch(DispatcherServlet.java:1040) ~[spring-webmvc-5.2.8.RELEASE.jar:5.2.8.RELEASE]
	at org.springframework.web.servlet.DispatcherServlet.doService(DispatcherServlet.java:943) ~[spring-webmvc-5.2.8.RELEASE.jar:5.2.8.RELEASE]
	at org.springframework.web.servlet.FrameworkServlet.processRequest(FrameworkServlet.java:1006) ~[spring-webmvc-5.2.8.RELEASE.jar:5.2.8.RELEASE]
	at org.springframework.web.servlet.FrameworkServlet.doGet(FrameworkServlet.java:898) ~[spring-webmvc-5.2.8.RELEASE.jar:5.2.8.RELEASE]
	at javax.servlet.http.HttpServlet.service(HttpServlet.java:626) ~[tomcat-embed-core-9.0.37.jar:4.0.FR]
	at org.springframework.web.servlet.FrameworkServlet.service(FrameworkServlet.java:883) ~[spring-webmvc-5.2.8.RELEASE.jar:5.2.8.RELEASE]
	at javax.servlet.http.HttpServlet.service(HttpServlet.java:733) ~[tomcat-embed-core-9.0.37.jar:4.0.FR]
	at org.apache.catalina.core.ApplicationFilterChain.internalDoFilter(ApplicationFilterChain.java:231) ~[tomcat-embed-core-9.0.37.jar:9.0.37]
	at org.apache.catalina.core.ApplicationFilterChain.doFilter(ApplicationFilterChain.java:166) ~[tomcat-embed-core-9.0.37.jar:9.0.37]
	at org.apache.tomcat.websocket.server.WsFilter.doFilter(WsFilter.java:53) ~[tomcat-embed-websocket-9.0.37.jar:9.0.37]
	at org.apache.catalina.core.ApplicationFilterChain.internalDoFilter(ApplicationFilterChain.java:193) ~[tomcat-embed-core-9.0.37.jar:9.0.37]
	at org.apache.catalina.core.ApplicationFilterChain.doFilter(ApplicationFilterChain.java:166) ~[tomcat-embed-core-9.0.37.jar:9.0.37]
	at org.springframework.web.filter.RequestContextFilter.doFilterInternal(RequestContextFilter.java:100) ~[spring-web-5.2.8.RELEASE.jar:5.2.8.RELEASE]
	at org.springframework.web.filter.OncePerRequestFilter.doFilter(OncePerRequestFilter.java:119) ~[spring-web-5.2.8.RELEASE.jar:5.2.8.RELEASE]
	at org.apache.catalina.core.ApplicationFilterChain.internalDoFilter(ApplicationFilterChain.java:193) ~[tomcat-embed-core-9.0.37.jar:9.0.37]
	at org.apache.catalina.core.ApplicationFilterChain.doFilter(ApplicationFilterChain.java:166) ~[tomcat-embed-core-9.0.37.jar:9.0.37]
	at org.springframework.web.filter.FormContentFilter.doFilterInternal(FormContentFilter.java:93) ~[spring-web-5.2.8.RELEASE.jar:5.2.8.RELEASE]
	at org.springframework.web.filter.OncePerRequestFilter.doFilter(OncePerRequestFilter.java:119) ~[spring-web-5.2.8.RELEASE.jar:5.2.8.RELEASE]
	at org.apache.catalina.core.ApplicationFilterChain.internalDoFilter(ApplicationFilterChain.java:193) ~[tomcat-embed-core-9.0.37.jar:9.0.37]
	at org.apache.catalina.core.ApplicationFilterChain.doFilter(ApplicationFilterChain.java:166) ~[tomcat-embed-core-9.0.37.jar:9.0.37]
	at org.springframework.web.filter.CharacterEncodingFilter.doFilterInternal(CharacterEncodingFilter.java:201) ~[spring-web-5.2.8.RELEASE.jar:5.2.8.RELEASE]
	at org.springframework.web.filter.OncePerRequestFilter.doFilter(OncePerRequestFilter.java:119) ~[spring-web-5.2.8.RELEASE.jar:5.2.8.RELEASE]
	at org.apache.catalina.core.ApplicationFilterChain.internalDoFilter(ApplicationFilterChain.java:193) ~[tomcat-embed-core-9.0.37.jar:9.0.37]
	at org.apache.catalina.core.ApplicationFilterChain.doFilter(ApplicationFilterChain.java:166) ~[tomcat-embed-core-9.0.37.jar:9.0.37]
	at org.apache.catalina.core.StandardWrapperValve.invoke(StandardWrapperValve.java:202) ~[tomcat-embed-core-9.0.37.jar:9.0.37]
	at org.apache.catalina.core.StandardContextValve.invoke(StandardContextValve.java:96) ~[tomcat-embed-core-9.0.37.jar:9.0.37]
	at org.apache.catalina.authenticator.AuthenticatorBase.invoke(AuthenticatorBase.java:541) ~[tomcat-embed-core-9.0.37.jar:9.0.37]
	at org.apache.catalina.core.StandardHostValve.invoke(StandardHostValve.java:139) ~[tomcat-embed-core-9.0.37.jar:9.0.37]
	at org.apache.catalina.valves.ErrorReportValve.invoke(ErrorReportValve.java:92) ~[tomcat-embed-core-9.0.37.jar:9.0.37]
	at org.apache.catalina.core.StandardEngineValve.invoke(StandardEngineValve.java:74) ~[tomcat-embed-core-9.0.37.jar:9.0.37]
	at org.apache.catalina.connector.CoyoteAdapter.service(CoyoteAdapter.java:343) ~[tomcat-embed-core-9.0.37.jar:9.0.37]
	at org.apache.coyote.http11.Http11Processor.service(Http11Processor.java:373) ~[tomcat-embed-core-9.0.37.jar:9.0.37]
	at org.apache.coyote.AbstractProcessorLight.process(AbstractProcessorLight.java:65) ~[tomcat-embed-core-9.0.37.jar:9.0.37]
	at org.apache.coyote.AbstractProtocol$ConnectionHandler.process(AbstractProtocol.java:868) ~[tomcat-embed-core-9.0.37.jar:9.0.37]
	at org.apache.tomcat.util.net.NioEndpoint$SocketProcessor.doRun(NioEndpoint.java:1589) ~[tomcat-embed-core-9.0.37.jar:9.0.37]
	at org.apache.tomcat.util.net.SocketProcessorBase.run(SocketProcessorBase.java:49) ~[tomcat-embed-core-9.0.37.jar:9.0.37]
	at java.util.concurrent.ThreadPoolExecutor.runWorker(ThreadPoolExecutor.java:1149) ~[?:1.8.0_181]
	at java.util.concurrent.ThreadPoolExecutor$Worker.run(ThreadPoolExecutor.java:624) ~[?:1.8.0_181]
	at org.apache.tomcat.util.threads.TaskThread$WrappingRunnable.run(TaskThread.java:61) ~[tomcat-embed-core-9.0.37.jar:9.0.37]
	at java.lang.Thread.run(Thread.java:748) [?:1.8.0_181]
2022-07-12 11:08:44.718 [SpringContextShutdownHook] INFO  [org.springframework.scheduling.concurrent.ThreadPoolTaskExecutor:218] SpringContextShutdownHookcid  [,] - Shutting down ExecutorService 'applicationTaskExecutor'
2022-07-12 11:08:54.742 [main] INFO  [com.limitway.current.LimitApplication:55] maincid  [,] - Starting LimitApplication on bogon with PID 22407 (/Users/zhaoyanan/Documents/workspace/limitway/target/classes started by zhaoyanan in /Users/zhaoyanan/Documents/workspace/limitway)
2022-07-12 11:08:54.750 [main] INFO  [com.limitway.current.LimitApplication:651] maincid  [,] - No active profile set, falling back to default profiles: default
2022-07-12 11:08:55.654 [main] INFO  [org.springframework.data.repository.config.RepositoryConfigurationDelegate:249] maincid  [,] - Multiple Spring Data modules found, entering strict repository configuration mode!
2022-07-12 11:08:55.656 [main] INFO  [org.springframework.data.repository.config.RepositoryConfigurationDelegate:127] maincid  [,] - Bootstrapping Spring Data Redis repositories in DEFAULT mode.
2022-07-12 11:08:55.685 [main] INFO  [org.springframework.data.repository.config.RepositoryConfigurationDelegate:187] maincid  [,] - Finished Spring Data repository scanning in 15ms. Found 0 Redis repository interfaces.
2022-07-12 11:08:56.382 [main] INFO  [org.springframework.boot.web.embedded.tomcat.TomcatWebServer:108] maincid  [,] - Tomcat initialized with port(s): 8080 (http)
2022-07-12 11:08:56.396 [main] INFO  [org.apache.coyote.http11.Http11NioProtocol:173] maincid  [,] - Initializing ProtocolHandler ["http-nio-8080"]
2022-07-12 11:08:56.397 [main] INFO  [org.apache.catalina.core.StandardService:173] maincid  [,] - Starting service [Tomcat]
2022-07-12 11:08:56.398 [main] INFO  [org.apache.catalina.core.StandardEngine:173] maincid  [,] - Starting Servlet engine: [Apache Tomcat/9.0.37]
2022-07-12 11:08:56.471 [main] INFO  [org.apache.catalina.core.ContainerBase.[Tomcat].[localhost].[/]:173] maincid  [,] - Initializing Spring embedded WebApplicationContext
2022-07-12 11:08:56.471 [main] INFO  [org.springframework.boot.web.servlet.context.ServletWebServerApplicationContext:285] maincid  [,] - Root WebApplicationContext: initialization completed in 1647 ms
2022-07-12 11:08:56.684 [main] INFO  [org.redisson.Version:41] maincid  [,] - Redisson 3.15.5
2022-07-12 11:08:56.978 [redisson-netty-2-22] INFO  [org.redisson.connection.pool.MasterPubSubConnectionPool:166] redisson-netty-2-22cid  [,] - 1 connections initialized for /127.0.0.1:6379
2022-07-12 11:08:56.995 [redisson-netty-2-19] INFO  [org.redisson.connection.pool.MasterConnectionPool:166] redisson-netty-2-19cid  [,] - 24 connections initialized for /127.0.0.1:6379
2022-07-12 11:08:57.734 [main] INFO  [org.springframework.scheduling.concurrent.ThreadPoolTaskExecutor:181] maincid  [,] - Initializing ExecutorService 'applicationTaskExecutor'
2022-07-12 11:08:58.102 [main] WARN  [org.springframework.boot.autoconfigure.freemarker.FreeMarkerAutoConfiguration:67] maincid  [,] - Cannot find template location(s): [classpath:/templates/] (please add some templates, check your FreeMarker configuration, or set spring.freemarker.checkTemplateLocation=false)
2022-07-12 11:08:58.149 [main] INFO  [org.apache.coyote.http11.Http11NioProtocol:173] maincid  [,] - Starting ProtocolHandler ["http-nio-8080"]
2022-07-12 11:08:58.163 [main] INFO  [org.springframework.boot.web.embedded.tomcat.TomcatWebServer:220] maincid  [,] - Tomcat started on port(s): 8080 (http) with context path ''
2022-07-12 11:08:58.175 [main] INFO  [com.limitway.current.LimitApplication:61] maincid  [,] - Started LimitApplication in 4.092 seconds (JVM running for 6.15)
2022-07-12 11:14:18.821 [SpringContextShutdownHook] INFO  [org.springframework.scheduling.concurrent.ThreadPoolTaskExecutor:218] SpringContextShutdownHookcid  [,] - Shutting down ExecutorService 'applicationTaskExecutor'
2022-07-12 11:14:23.802 [main] INFO  [com.limitway.current.LimitApplication:55] maincid  [,] - Starting LimitApplication on bogon with PID 22442 (/Users/zhaoyanan/Documents/workspace/limitway/target/classes started by zhaoyanan in /Users/zhaoyanan/Documents/workspace/limitway)
2022-07-12 11:14:23.807 [main] INFO  [com.limitway.current.LimitApplication:651] maincid  [,] - No active profile set, falling back to default profiles: default
2022-07-12 11:14:24.360 [main] INFO  [org.springframework.data.repository.config.RepositoryConfigurationDelegate:249] maincid  [,] - Multiple Spring Data modules found, entering strict repository configuration mode!
2022-07-12 11:14:24.361 [main] INFO  [org.springframework.data.repository.config.RepositoryConfigurationDelegate:127] maincid  [,] - Bootstrapping Spring Data Redis repositories in DEFAULT mode.
2022-07-12 11:14:24.388 [main] INFO  [org.springframework.data.repository.config.RepositoryConfigurationDelegate:187] maincid  [,] - Finished Spring Data repository scanning in 15ms. Found 0 Redis repository interfaces.
2022-07-12 11:14:24.983 [main] INFO  [org.springframework.boot.web.embedded.tomcat.TomcatWebServer:108] maincid  [,] - Tomcat initialized with port(s): 8080 (http)
2022-07-12 11:14:24.989 [main] INFO  [org.apache.coyote.http11.Http11NioProtocol:173] maincid  [,] - Initializing ProtocolHandler ["http-nio-8080"]
2022-07-12 11:14:24.990 [main] INFO  [org.apache.catalina.core.StandardService:173] maincid  [,] - Starting service [Tomcat]
2022-07-12 11:14:24.990 [main] INFO  [org.apache.catalina.core.StandardEngine:173] maincid  [,] - Starting Servlet engine: [Apache Tomcat/9.0.37]
2022-07-12 11:14:25.058 [main] INFO  [org.apache.catalina.core.ContainerBase.[Tomcat].[localhost].[/]:173] maincid  [,] - Initializing Spring embedded WebApplicationContext
2022-07-12 11:14:25.058 [main] INFO  [org.springframework.boot.web.servlet.context.ServletWebServerApplicationContext:285] maincid  [,] - Root WebApplicationContext: initialization completed in 1221 ms
2022-07-12 11:14:25.194 [main] INFO  [org.redisson.Version:41] maincid  [,] - Redisson 3.15.5
2022-07-12 11:14:25.457 [redisson-netty-2-23] INFO  [org.redisson.connection.pool.MasterPubSubConnectionPool:166] redisson-netty-2-23cid  [,] - 1 connections initialized for /127.0.0.1:6379
2022-07-12 11:14:25.474 [redisson-netty-2-19] INFO  [org.redisson.connection.pool.MasterConnectionPool:166] redisson-netty-2-19cid  [,] - 24 connections initialized for /127.0.0.1:6379
2022-07-12 11:14:26.084 [main] INFO  [org.springframework.scheduling.concurrent.ThreadPoolTaskExecutor:181] maincid  [,] - Initializing ExecutorService 'applicationTaskExecutor'
2022-07-12 11:14:26.491 [main] WARN  [org.springframework.boot.autoconfigure.freemarker.FreeMarkerAutoConfiguration:67] maincid  [,] - Cannot find template location(s): [classpath:/templates/] (please add some templates, check your FreeMarker configuration, or set spring.freemarker.checkTemplateLocation=false)
2022-07-12 11:14:26.551 [main] INFO  [org.apache.coyote.http11.Http11NioProtocol:173] maincid  [,] - Starting ProtocolHandler ["http-nio-8080"]
2022-07-12 11:14:26.587 [main] INFO  [org.springframework.boot.web.embedded.tomcat.TomcatWebServer:220] maincid  [,] - Tomcat started on port(s): 8080 (http) with context path ''
2022-07-12 11:14:26.601 [main] INFO  [com.limitway.current.LimitApplication:61] maincid  [,] - Started LimitApplication in 3.313 seconds (JVM running for 6.521)
2022-07-12 11:14:27.887 [http-nio-8080-exec-1] INFO  [org.apache.catalina.core.ContainerBase.[Tomcat].[localhost].[/]:173] http-nio-8080-exec-1cid  [,] - Initializing Spring DispatcherServlet 'dispatcherServlet'
2022-07-12 11:14:27.887 [http-nio-8080-exec-1] INFO  [org.springframework.web.servlet.DispatcherServlet:525] http-nio-8080-exec-1cid  [,] - Initializing Servlet 'dispatcherServlet'
2022-07-12 11:14:27.898 [http-nio-8080-exec-1] INFO  [org.springframework.web.servlet.DispatcherServlet:547] http-nio-8080-exec-1cid  [,] - Completed initialization in 11 ms
2022-07-12 11:14:43.164 [SpringContextShutdownHook] INFO  [org.springframework.scheduling.concurrent.ThreadPoolTaskExecutor:218] SpringContextShutdownHookcid  [,] - Shutting down ExecutorService 'applicationTaskExecutor'
2022-07-12 11:14:50.648 [main] INFO  [com.limitway.current.LimitApplication:55] maincid  [,] - Starting LimitApplication on bogon with PID 22469 (/Users/zhaoyanan/Documents/workspace/limitway/target/classes started by zhaoyanan in /Users/zhaoyanan/Documents/workspace/limitway)
2022-07-12 11:14:50.653 [main] INFO  [com.limitway.current.LimitApplication:651] maincid  [,] - No active profile set, falling back to default profiles: default
2022-07-12 11:14:51.174 [main] INFO  [org.springframework.data.repository.config.RepositoryConfigurationDelegate:249] maincid  [,] - Multiple Spring Data modules found, entering strict repository configuration mode!
2022-07-12 11:14:51.175 [main] INFO  [org.springframework.data.repository.config.RepositoryConfigurationDelegate:127] maincid  [,] - Bootstrapping Spring Data Redis repositories in DEFAULT mode.
2022-07-12 11:14:51.197 [main] INFO  [org.springframework.data.repository.config.RepositoryConfigurationDelegate:187] maincid  [,] - Finished Spring Data repository scanning in 12ms. Found 0 Redis repository interfaces.
2022-07-12 11:14:51.746 [main] INFO  [org.springframework.boot.web.embedded.tomcat.TomcatWebServer:108] maincid  [,] - Tomcat initialized with port(s): 8080 (http)
2022-07-12 11:14:51.752 [main] INFO  [org.apache.coyote.http11.Http11NioProtocol:173] maincid  [,] - Initializing ProtocolHandler ["http-nio-8080"]
2022-07-12 11:14:51.752 [main] INFO  [org.apache.catalina.core.StandardService:173] maincid  [,] - Starting service [Tomcat]
2022-07-12 11:14:51.753 [main] INFO  [org.apache.catalina.core.StandardEngine:173] maincid  [,] - Starting Servlet engine: [Apache Tomcat/9.0.37]
2022-07-12 11:14:51.815 [main] INFO  [org.apache.catalina.core.ContainerBase.[Tomcat].[localhost].[/]:173] maincid  [,] - Initializing Spring embedded WebApplicationContext
2022-07-12 11:14:51.815 [main] INFO  [org.springframework.boot.web.servlet.context.ServletWebServerApplicationContext:285] maincid  [,] - Root WebApplicationContext: initialization completed in 1129 ms
2022-07-12 11:14:51.947 [main] INFO  [org.redisson.Version:41] maincid  [,] - Redisson 3.15.5
2022-07-12 11:14:52.163 [redisson-netty-2-13] INFO  [org.redisson.connection.pool.MasterPubSubConnectionPool:166] redisson-netty-2-13cid  [,] - 1 connections initialized for /127.0.0.1:6379
2022-07-12 11:14:52.175 [redisson-netty-2-18] INFO  [org.redisson.connection.pool.MasterConnectionPool:166] redisson-netty-2-18cid  [,] - 24 connections initialized for /127.0.0.1:6379
2022-07-12 11:14:52.653 [main] INFO  [org.springframework.scheduling.concurrent.ThreadPoolTaskExecutor:181] maincid  [,] - Initializing ExecutorService 'applicationTaskExecutor'
2022-07-12 11:14:52.925 [main] WARN  [org.springframework.boot.autoconfigure.freemarker.FreeMarkerAutoConfiguration:67] maincid  [,] - Cannot find template location(s): [classpath:/templates/] (please add some templates, check your FreeMarker configuration, or set spring.freemarker.checkTemplateLocation=false)
2022-07-12 11:14:52.960 [main] INFO  [org.apache.coyote.http11.Http11NioProtocol:173] maincid  [,] - Starting ProtocolHandler ["http-nio-8080"]
2022-07-12 11:14:52.970 [main] INFO  [org.springframework.boot.web.embedded.tomcat.TomcatWebServer:220] maincid  [,] - Tomcat started on port(s): 8080 (http) with context path ''
2022-07-12 11:14:52.977 [main] INFO  [com.limitway.current.LimitApplication:61] maincid  [,] - Started LimitApplication in 2.813 seconds (JVM running for 4.125)
2022-07-12 11:14:56.689 [http-nio-8080-exec-1] INFO  [org.apache.catalina.core.ContainerBase.[Tomcat].[localhost].[/]:173] http-nio-8080-exec-1cid  [,] - Initializing Spring DispatcherServlet 'dispatcherServlet'
2022-07-12 11:14:56.689 [http-nio-8080-exec-1] INFO  [org.springframework.web.servlet.DispatcherServlet:525] http-nio-8080-exec-1cid  [,] - Initializing Servlet 'dispatcherServlet'
2022-07-12 11:14:56.695 [http-nio-8080-exec-1] INFO  [org.springframework.web.servlet.DispatcherServlet:547] http-nio-8080-exec-1cid  [,] - Completed initialization in 6 ms
2022-07-12 11:14:56.896 [http-nio-8080-exec-1] ERROR [org.apache.catalina.core.ContainerBase.[Tomcat].[localhost].[/].[dispatcherServlet]:175] http-nio-8080-exec-1cid  [,] - Servlet.service() for servlet [dispatcherServlet] in context with path [] threw exception [Handler dispatch failed; nested exception is java.lang.IllegalAccessError: tried to access class com.limitway.current.base.ConfigTreeNode$State from class com.alibaba.fastjson2.reader.ObjectReader_1] with root cause
java.lang.IllegalAccessError: tried to access class com.limitway.current.base.ConfigTreeNode$State from class com.alibaba.fastjson2.reader.ObjectReader_1
	at com.alibaba.fastjson2.reader.ObjectReader_1.readObject(Unknown Source) ~[?:?]
	at com.alibaba.fastjson.JSON.parseObject(JSON.java:185) ~[fastjson-2.0.8.jar:?]
	at com.limitway.current.controller.LockController.stddd(LockController.java:70) ~[classes/:?]
	at sun.reflect.NativeMethodAccessorImpl.invoke0(Native Method) ~[?:1.8.0_181]
	at sun.reflect.NativeMethodAccessorImpl.invoke(NativeMethodAccessorImpl.java:62) ~[?:1.8.0_181]
	at sun.reflect.DelegatingMethodAccessorImpl.invoke(DelegatingMethodAccessorImpl.java:43) ~[?:1.8.0_181]
	at java.lang.reflect.Method.invoke(Method.java:498) ~[?:1.8.0_181]
	at org.springframework.web.method.support.InvocableHandlerMethod.doInvoke(InvocableHandlerMethod.java:190) ~[spring-web-5.2.8.RELEASE.jar:5.2.8.RELEASE]
	at org.springframework.web.method.support.InvocableHandlerMethod.invokeForRequest(InvocableHandlerMethod.java:138) ~[spring-web-5.2.8.RELEASE.jar:5.2.8.RELEASE]
	at org.springframework.web.servlet.mvc.method.annotation.ServletInvocableHandlerMethod.invokeAndHandle(ServletInvocableHandlerMethod.java:105) ~[spring-webmvc-5.2.8.RELEASE.jar:5.2.8.RELEASE]
	at org.springframework.web.servlet.mvc.method.annotation.RequestMappingHandlerAdapter.invokeHandlerMethod(RequestMappingHandlerAdapter.java:878) ~[spring-webmvc-5.2.8.RELEASE.jar:5.2.8.RELEASE]
	at org.springframework.web.servlet.mvc.method.annotation.RequestMappingHandlerAdapter.handleInternal(RequestMappingHandlerAdapter.java:792) ~[spring-webmvc-5.2.8.RELEASE.jar:5.2.8.RELEASE]
	at org.springframework.web.servlet.mvc.method.AbstractHandlerMethodAdapter.handle(AbstractHandlerMethodAdapter.java:87) ~[spring-webmvc-5.2.8.RELEASE.jar:5.2.8.RELEASE]
	at org.springframework.web.servlet.DispatcherServlet.doDispatch(DispatcherServlet.java:1040) ~[spring-webmvc-5.2.8.RELEASE.jar:5.2.8.RELEASE]
	at org.springframework.web.servlet.DispatcherServlet.doService(DispatcherServlet.java:943) ~[spring-webmvc-5.2.8.RELEASE.jar:5.2.8.RELEASE]
	at org.springframework.web.servlet.FrameworkServlet.processRequest(FrameworkServlet.java:1006) ~[spring-webmvc-5.2.8.RELEASE.jar:5.2.8.RELEASE]
	at org.springframework.web.servlet.FrameworkServlet.doGet(FrameworkServlet.java:898) ~[spring-webmvc-5.2.8.RELEASE.jar:5.2.8.RELEASE]
	at javax.servlet.http.HttpServlet.service(HttpServlet.java:626) ~[tomcat-embed-core-9.0.37.jar:4.0.FR]
	at org.springframework.web.servlet.FrameworkServlet.service(FrameworkServlet.java:883) ~[spring-webmvc-5.2.8.RELEASE.jar:5.2.8.RELEASE]
	at javax.servlet.http.HttpServlet.service(HttpServlet.java:733) ~[tomcat-embed-core-9.0.37.jar:4.0.FR]
	at org.apache.catalina.core.ApplicationFilterChain.internalDoFilter(ApplicationFilterChain.java:231) ~[tomcat-embed-core-9.0.37.jar:9.0.37]
	at org.apache.catalina.core.ApplicationFilterChain.doFilter(ApplicationFilterChain.java:166) ~[tomcat-embed-core-9.0.37.jar:9.0.37]
	at org.apache.tomcat.websocket.server.WsFilter.doFilter(WsFilter.java:53) ~[tomcat-embed-websocket-9.0.37.jar:9.0.37]
	at org.apache.catalina.core.ApplicationFilterChain.internalDoFilter(ApplicationFilterChain.java:193) ~[tomcat-embed-core-9.0.37.jar:9.0.37]
	at org.apache.catalina.core.ApplicationFilterChain.doFilter(ApplicationFilterChain.java:166) ~[tomcat-embed-core-9.0.37.jar:9.0.37]
	at org.springframework.web.filter.RequestContextFilter.doFilterInternal(RequestContextFilter.java:100) ~[spring-web-5.2.8.RELEASE.jar:5.2.8.RELEASE]
	at org.springframework.web.filter.OncePerRequestFilter.doFilter(OncePerRequestFilter.java:119) ~[spring-web-5.2.8.RELEASE.jar:5.2.8.RELEASE]
	at org.apache.catalina.core.ApplicationFilterChain.internalDoFilter(ApplicationFilterChain.java:193) ~[tomcat-embed-core-9.0.37.jar:9.0.37]
	at org.apache.catalina.core.ApplicationFilterChain.doFilter(ApplicationFilterChain.java:166) ~[tomcat-embed-core-9.0.37.jar:9.0.37]
	at org.springframework.web.filter.FormContentFilter.doFilterInternal(FormContentFilter.java:93) ~[spring-web-5.2.8.RELEASE.jar:5.2.8.RELEASE]
	at org.springframework.web.filter.OncePerRequestFilter.doFilter(OncePerRequestFilter.java:119) ~[spring-web-5.2.8.RELEASE.jar:5.2.8.RELEASE]
	at org.apache.catalina.core.ApplicationFilterChain.internalDoFilter(ApplicationFilterChain.java:193) ~[tomcat-embed-core-9.0.37.jar:9.0.37]
	at org.apache.catalina.core.ApplicationFilterChain.doFilter(ApplicationFilterChain.java:166) ~[tomcat-embed-core-9.0.37.jar:9.0.37]
	at org.springframework.web.filter.CharacterEncodingFilter.doFilterInternal(CharacterEncodingFilter.java:201) ~[spring-web-5.2.8.RELEASE.jar:5.2.8.RELEASE]
	at org.springframework.web.filter.OncePerRequestFilter.doFilter(OncePerRequestFilter.java:119) ~[spring-web-5.2.8.RELEASE.jar:5.2.8.RELEASE]
	at org.apache.catalina.core.ApplicationFilterChain.internalDoFilter(ApplicationFilterChain.java:193) ~[tomcat-embed-core-9.0.37.jar:9.0.37]
	at org.apache.catalina.core.ApplicationFilterChain.doFilter(ApplicationFilterChain.java:166) ~[tomcat-embed-core-9.0.37.jar:9.0.37]
	at org.apache.catalina.core.StandardWrapperValve.invoke(StandardWrapperValve.java:202) ~[tomcat-embed-core-9.0.37.jar:9.0.37]
	at org.apache.catalina.core.StandardContextValve.invoke(StandardContextValve.java:96) ~[tomcat-embed-core-9.0.37.jar:9.0.37]
	at org.apache.catalina.authenticator.AuthenticatorBase.invoke(AuthenticatorBase.java:541) ~[tomcat-embed-core-9.0.37.jar:9.0.37]
	at org.apache.catalina.core.StandardHostValve.invoke(StandardHostValve.java:139) ~[tomcat-embed-core-9.0.37.jar:9.0.37]
	at org.apache.catalina.valves.ErrorReportValve.invoke(ErrorReportValve.java:92) ~[tomcat-embed-core-9.0.37.jar:9.0.37]
	at org.apache.catalina.core.StandardEngineValve.invoke(StandardEngineValve.java:74) ~[tomcat-embed-core-9.0.37.jar:9.0.37]
	at org.apache.catalina.connector.CoyoteAdapter.service(CoyoteAdapter.java:343) ~[tomcat-embed-core-9.0.37.jar:9.0.37]
	at org.apache.coyote.http11.Http11Processor.service(Http11Processor.java:373) ~[tomcat-embed-core-9.0.37.jar:9.0.37]
	at org.apache.coyote.AbstractProcessorLight.process(AbstractProcessorLight.java:65) ~[tomcat-embed-core-9.0.37.jar:9.0.37]
	at org.apache.coyote.AbstractProtocol$ConnectionHandler.process(AbstractProtocol.java:868) ~[tomcat-embed-core-9.0.37.jar:9.0.37]
	at org.apache.tomcat.util.net.NioEndpoint$SocketProcessor.doRun(NioEndpoint.java:1589) ~[tomcat-embed-core-9.0.37.jar:9.0.37]
	at org.apache.tomcat.util.net.SocketProcessorBase.run(SocketProcessorBase.java:49) ~[tomcat-embed-core-9.0.37.jar:9.0.37]
	at java.util.concurrent.ThreadPoolExecutor.runWorker(ThreadPoolExecutor.java:1149) ~[?:1.8.0_181]
	at java.util.concurrent.ThreadPoolExecutor$Worker.run(ThreadPoolExecutor.java:624) ~[?:1.8.0_181]
	at org.apache.tomcat.util.threads.TaskThread$WrappingRunnable.run(TaskThread.java:61) ~[tomcat-embed-core-9.0.37.jar:9.0.37]
	at java.lang.Thread.run(Thread.java:748) [?:1.8.0_181]
