2022-07-11 17:27:22.794 [main] INFO  [com.limitway.current.LimitApplication:55] maincid  [,] - Starting LimitApplication on bogon with PID 20031 (/Users/zhaoyanan/Documents/workspace/limitway/target/classes started by zhaoyanan in /Users/zhaoyanan/Documents/workspace/limitway)
2022-07-11 17:27:22.802 [main] INFO  [com.limitway.current.LimitApplication:651] maincid  [,] - No active profile set, falling back to default profiles: default
2022-07-11 17:27:23.572 [main] INFO  [org.springframework.data.repository.config.RepositoryConfigurationDelegate:249] maincid  [,] - Multiple Spring Data modules found, entering strict repository configuration mode!
2022-07-11 17:27:23.577 [main] INFO  [org.springframework.data.repository.config.RepositoryConfigurationDelegate:127] maincid  [,] - Bootstrapping Spring Data Redis repositories in DEFAULT mode.
2022-07-11 17:27:23.626 [main] INFO  [org.springframework.data.repository.config.RepositoryConfigurationDelegate:187] maincid  [,] - Finished Spring Data repository scanning in 24ms. Found 0 Redis repository interfaces.
2022-07-11 17:27:24.461 [main] INFO  [org.springframework.boot.web.embedded.tomcat.TomcatWebServer:108] maincid  [,] - Tomcat initialized with port(s): 8080 (http)
2022-07-11 17:27:24.474 [main] INFO  [org.apache.coyote.http11.Http11NioProtocol:173] maincid  [,] - Initializing ProtocolHandler ["http-nio-8080"]
2022-07-11 17:27:24.475 [main] INFO  [org.apache.catalina.core.StandardService:173] maincid  [,] - Starting service [Tomcat]
2022-07-11 17:27:24.475 [main] INFO  [org.apache.catalina.core.StandardEngine:173] maincid  [,] - Starting Servlet engine: [Apache Tomcat/9.0.37]
2022-07-11 17:27:24.563 [main] INFO  [org.apache.catalina.core.ContainerBase.[Tomcat].[localhost].[/]:173] maincid  [,] - Initializing Spring embedded WebApplicationContext
2022-07-11 17:27:24.563 [main] INFO  [org.springframework.boot.web.servlet.context.ServletWebServerApplicationContext:285] maincid  [,] - Root WebApplicationContext: initialization completed in 1715 ms
2022-07-11 17:27:24.841 [main] INFO  [org.redisson.Version:41] maincid  [,] - Redisson 3.15.5
2022-07-11 17:27:25.226 [redisson-netty-2-16] INFO  [org.redisson.connection.pool.MasterPubSubConnectionPool:166] redisson-netty-2-16cid  [,] - 1 connections initialized for /127.0.0.1:6379
2022-07-11 17:27:25.242 [redisson-netty-2-19] INFO  [org.redisson.connection.pool.MasterConnectionPool:166] redisson-netty-2-19cid  [,] - 24 connections initialized for /127.0.0.1:6379
2022-07-11 17:27:26.066 [main] INFO  [org.springframework.scheduling.concurrent.ThreadPoolTaskExecutor:181] maincid  [,] - Initializing ExecutorService 'applicationTaskExecutor'
2022-07-11 17:27:26.152 [main] WARN  [org.springframework.boot.web.servlet.context.AnnotationConfigServletWebServerApplicationContext:559] maincid  [,] - Exception encountered during context initialization - cancelling refresh attempt: org.springframework.beans.factory.BeanCreationException: Error creating bean with name 'requestMappingHandlerMapping' defined in class path resource [org/springframework/boot/autoconfigure/web/servlet/WebMvcAutoConfiguration$EnableWebMvcConfiguration.class]: Invocation of init method failed; nested exception is java.lang.IllegalStateException: Ambiguous mapping. Cannot map 'lockController' method 
com.limitway.current.controller.LockController#Ceshi(String)
to {GET /lockController/leave}: There is already 'lockController' bean method
com.limitway.current.controller.LockController#leave() mapped.
2022-07-11 17:27:26.152 [main] INFO  [org.springframework.scheduling.concurrent.ThreadPoolTaskExecutor:218] maincid  [,] - Shutting down ExecutorService 'applicationTaskExecutor'
2022-07-11 17:27:26.191 [main] INFO  [org.apache.catalina.core.StandardService:173] maincid  [,] - Stopping service [Tomcat]
2022-07-11 17:27:26.202 [main] INFO  [org.springframework.boot.autoconfigure.logging.ConditionEvaluationReportLoggingListener:136] maincid  [,] - 

Error starting ApplicationContext. To display the conditions report re-run your application with 'debug' enabled.
2022-07-11 17:27:26.215 [main] ERROR [org.springframework.boot.SpringApplication:837] maincid  [,] - Application run failed
org.springframework.beans.factory.BeanCreationException: Error creating bean with name 'requestMappingHandlerMapping' defined in class path resource [org/springframework/boot/autoconfigure/web/servlet/WebMvcAutoConfiguration$EnableWebMvcConfiguration.class]: Invocation of init method failed; nested exception is java.lang.IllegalStateException: Ambiguous mapping. Cannot map 'lockController' method 
com.limitway.current.controller.LockController#Ceshi(String)
to {GET /lockController/leave}: There is already 'lockController' bean method
com.limitway.current.controller.LockController#leave() mapped.
	at org.springframework.beans.factory.support.AbstractAutowireCapableBeanFactory.initializeBean(AbstractAutowireCapableBeanFactory.java:1794) ~[spring-beans-5.2.8.RELEASE.jar:5.2.8.RELEASE]
	at org.springframework.beans.factory.support.AbstractAutowireCapableBeanFactory.doCreateBean(AbstractAutowireCapableBeanFactory.java:594) ~[spring-beans-5.2.8.RELEASE.jar:5.2.8.RELEASE]
	at org.springframework.beans.factory.support.AbstractAutowireCapableBeanFactory.createBean(AbstractAutowireCapableBeanFactory.java:516) ~[spring-beans-5.2.8.RELEASE.jar:5.2.8.RELEASE]
	at org.springframework.beans.factory.support.AbstractBeanFactory.lambda$doGetBean$0(AbstractBeanFactory.java:324) ~[spring-beans-5.2.8.RELEASE.jar:5.2.8.RELEASE]
	at org.springframework.beans.factory.support.DefaultSingletonBeanRegistry.getSingleton(DefaultSingletonBeanRegistry.java:226) ~[spring-beans-5.2.8.RELEASE.jar:5.2.8.RELEASE]
	at org.springframework.beans.factory.support.AbstractBeanFactory.doGetBean(AbstractBeanFactory.java:322) ~[spring-beans-5.2.8.RELEASE.jar:5.2.8.RELEASE]
	at org.springframework.beans.factory.support.AbstractBeanFactory.getBean(AbstractBeanFactory.java:202) ~[spring-beans-5.2.8.RELEASE.jar:5.2.8.RELEASE]
	at org.springframework.beans.factory.support.DefaultListableBeanFactory.preInstantiateSingletons(DefaultListableBeanFactory.java:897) ~[spring-beans-5.2.8.RELEASE.jar:5.2.8.RELEASE]
	at org.springframework.context.support.AbstractApplicationContext.finishBeanFactoryInitialization(AbstractApplicationContext.java:879) ~[spring-context-5.2.8.RELEASE.jar:5.2.8.RELEASE]
	at org.springframework.context.support.AbstractApplicationContext.refresh(AbstractApplicationContext.java:551) ~[spring-context-5.2.8.RELEASE.jar:5.2.8.RELEASE]
	at org.springframework.boot.web.servlet.context.ServletWebServerApplicationContext.refresh(ServletWebServerApplicationContext.java:143) ~[spring-boot-2.3.2.RELEASE.jar:2.3.2.RELEASE]
	at org.springframework.boot.SpringApplication.refresh(SpringApplication.java:758) ~[spring-boot-2.3.2.RELEASE.jar:2.3.2.RELEASE]
	at org.springframework.boot.SpringApplication.refresh(SpringApplication.java:750) ~[spring-boot-2.3.2.RELEASE.jar:2.3.2.RELEASE]
	at org.springframework.boot.SpringApplication.refreshContext(SpringApplication.java:397) ~[spring-boot-2.3.2.RELEASE.jar:2.3.2.RELEASE]
	at org.springframework.boot.SpringApplication.run(SpringApplication.java:315) ~[spring-boot-2.3.2.RELEASE.jar:2.3.2.RELEASE]
	at org.springframework.boot.SpringApplication.run(SpringApplication.java:1237) ~[spring-boot-2.3.2.RELEASE.jar:2.3.2.RELEASE]
	at org.springframework.boot.SpringApplication.run(SpringApplication.java:1226) ~[spring-boot-2.3.2.RELEASE.jar:2.3.2.RELEASE]
	at com.limitway.current.LimitApplication.main(LimitApplication.java:12) ~[classes/:?]
Caused by: java.lang.IllegalStateException: Ambiguous mapping. Cannot map 'lockController' method 
com.limitway.current.controller.LockController#Ceshi(String)
to {GET /lockController/leave}: There is already 'lockController' bean method
com.limitway.current.controller.LockController#leave() mapped.
	at org.springframework.web.servlet.handler.AbstractHandlerMethodMapping$MappingRegistry.validateMethodMapping(AbstractHandlerMethodMapping.java:636) ~[spring-webmvc-5.2.8.RELEASE.jar:5.2.8.RELEASE]
	at org.springframework.web.servlet.handler.AbstractHandlerMethodMapping$MappingRegistry.register(AbstractHandlerMethodMapping.java:603) ~[spring-webmvc-5.2.8.RELEASE.jar:5.2.8.RELEASE]
	at org.springframework.web.servlet.handler.AbstractHandlerMethodMapping.registerHandlerMethod(AbstractHandlerMethodMapping.java:318) ~[spring-webmvc-5.2.8.RELEASE.jar:5.2.8.RELEASE]
	at org.springframework.web.servlet.mvc.method.annotation.RequestMappingHandlerMapping.registerHandlerMethod(RequestMappingHandlerMapping.java:378) ~[spring-webmvc-5.2.8.RELEASE.jar:5.2.8.RELEASE]
	at org.springframework.web.servlet.mvc.method.annotation.RequestMappingHandlerMapping.registerHandlerMethod(RequestMappingHandlerMapping.java:75) ~[spring-webmvc-5.2.8.RELEASE.jar:5.2.8.RELEASE]
	at org.springframework.web.servlet.handler.AbstractHandlerMethodMapping.lambda$detectHandlerMethods$1(AbstractHandlerMethodMapping.java:288) ~[spring-webmvc-5.2.8.RELEASE.jar:5.2.8.RELEASE]
	at java.util.LinkedHashMap.forEach(LinkedHashMap.java:684) ~[?:1.8.0_181]
	at org.springframework.web.servlet.handler.AbstractHandlerMethodMapping.detectHandlerMethods(AbstractHandlerMethodMapping.java:286) ~[spring-webmvc-5.2.8.RELEASE.jar:5.2.8.RELEASE]
	at org.springframework.web.servlet.handler.AbstractHandlerMethodMapping.processCandidateBean(AbstractHandlerMethodMapping.java:258) ~[spring-webmvc-5.2.8.RELEASE.jar:5.2.8.RELEASE]
	at org.springframework.web.servlet.handler.AbstractHandlerMethodMapping.initHandlerMethods(AbstractHandlerMethodMapping.java:217) ~[spring-webmvc-5.2.8.RELEASE.jar:5.2.8.RELEASE]
	at org.springframework.web.servlet.handler.AbstractHandlerMethodMapping.afterPropertiesSet(AbstractHandlerMethodMapping.java:205) ~[spring-webmvc-5.2.8.RELEASE.jar:5.2.8.RELEASE]
	at org.springframework.web.servlet.mvc.method.annotation.RequestMappingHandlerMapping.afterPropertiesSet(RequestMappingHandlerMapping.java:189) ~[spring-webmvc-5.2.8.RELEASE.jar:5.2.8.RELEASE]
	at org.springframework.beans.factory.support.AbstractAutowireCapableBeanFactory.invokeInitMethods(AbstractAutowireCapableBeanFactory.java:1853) ~[spring-beans-5.2.8.RELEASE.jar:5.2.8.RELEASE]
	at org.springframework.beans.factory.support.AbstractAutowireCapableBeanFactory.initializeBean(AbstractAutowireCapableBeanFactory.java:1790) ~[spring-beans-5.2.8.RELEASE.jar:5.2.8.RELEASE]
	... 17 more
2022-07-11 17:27:55.030 [main] INFO  [com.limitway.current.LimitApplication:55] maincid  [,] - Starting LimitApplication on bogon with PID 20042 (/Users/zhaoyanan/Documents/workspace/limitway/target/classes started by zhaoyanan in /Users/zhaoyanan/Documents/workspace/limitway)
2022-07-11 17:27:55.036 [main] INFO  [com.limitway.current.LimitApplication:651] maincid  [,] - No active profile set, falling back to default profiles: default
2022-07-11 17:27:55.565 [main] INFO  [org.springframework.data.repository.config.RepositoryConfigurationDelegate:249] maincid  [,] - Multiple Spring Data modules found, entering strict repository configuration mode!
2022-07-11 17:27:55.567 [main] INFO  [org.springframework.data.repository.config.RepositoryConfigurationDelegate:127] maincid  [,] - Bootstrapping Spring Data Redis repositories in DEFAULT mode.
2022-07-11 17:27:55.588 [main] INFO  [org.springframework.data.repository.config.RepositoryConfigurationDelegate:187] maincid  [,] - Finished Spring Data repository scanning in 11ms. Found 0 Redis repository interfaces.
2022-07-11 17:27:56.129 [main] INFO  [org.springframework.boot.web.embedded.tomcat.TomcatWebServer:108] maincid  [,] - Tomcat initialized with port(s): 8080 (http)
2022-07-11 17:27:56.135 [main] INFO  [org.apache.coyote.http11.Http11NioProtocol:173] maincid  [,] - Initializing ProtocolHandler ["http-nio-8080"]
2022-07-11 17:27:56.136 [main] INFO  [org.apache.catalina.core.StandardService:173] maincid  [,] - Starting service [Tomcat]
2022-07-11 17:27:56.136 [main] INFO  [org.apache.catalina.core.StandardEngine:173] maincid  [,] - Starting Servlet engine: [Apache Tomcat/9.0.37]
2022-07-11 17:27:56.190 [main] INFO  [org.apache.catalina.core.ContainerBase.[Tomcat].[localhost].[/]:173] maincid  [,] - Initializing Spring embedded WebApplicationContext
2022-07-11 17:27:56.190 [main] INFO  [org.springframework.boot.web.servlet.context.ServletWebServerApplicationContext:285] maincid  [,] - Root WebApplicationContext: initialization completed in 1117 ms
2022-07-11 17:27:56.325 [main] INFO  [org.redisson.Version:41] maincid  [,] - Redisson 3.15.5
2022-07-11 17:27:56.552 [redisson-netty-2-19] INFO  [org.redisson.connection.pool.MasterPubSubConnectionPool:166] redisson-netty-2-19cid  [,] - 1 connections initialized for /127.0.0.1:6379
2022-07-11 17:27:56.563 [redisson-netty-2-18] INFO  [org.redisson.connection.pool.MasterConnectionPool:166] redisson-netty-2-18cid  [,] - 24 connections initialized for /127.0.0.1:6379
2022-07-11 17:27:57.056 [main] INFO  [org.springframework.scheduling.concurrent.ThreadPoolTaskExecutor:181] maincid  [,] - Initializing ExecutorService 'applicationTaskExecutor'
2022-07-11 17:27:57.435 [main] WARN  [org.springframework.boot.autoconfigure.freemarker.FreeMarkerAutoConfiguration:67] maincid  [,] - Cannot find template location(s): [classpath:/templates/] (please add some templates, check your FreeMarker configuration, or set spring.freemarker.checkTemplateLocation=false)
2022-07-11 17:27:57.487 [main] INFO  [org.apache.coyote.http11.Http11NioProtocol:173] maincid  [,] - Starting ProtocolHandler ["http-nio-8080"]
2022-07-11 17:27:57.504 [main] INFO  [org.springframework.boot.web.embedded.tomcat.TomcatWebServer:220] maincid  [,] - Tomcat started on port(s): 8080 (http) with context path ''
2022-07-11 17:27:57.513 [main] INFO  [com.limitway.current.LimitApplication:61] maincid  [,] - Started LimitApplication in 2.938 seconds (JVM running for 4.11)
2022-07-11 17:38:40.917 [http-nio-8080-exec-1] INFO  [org.apache.catalina.core.ContainerBase.[Tomcat].[localhost].[/]:173] http-nio-8080-exec-1cid  [,] - Initializing Spring DispatcherServlet 'dispatcherServlet'
2022-07-11 17:38:40.917 [http-nio-8080-exec-1] INFO  [org.springframework.web.servlet.DispatcherServlet:525] http-nio-8080-exec-1cid  [,] - Initializing Servlet 'dispatcherServlet'
2022-07-11 17:38:40.942 [http-nio-8080-exec-1] INFO  [org.springframework.web.servlet.DispatcherServlet:547] http-nio-8080-exec-1cid  [,] - Completed initialization in 25 ms
2022-07-11 17:38:40.970 [http-nio-8080-exec-1] WARN  [org.springframework.web.servlet.mvc.support.DefaultHandlerExceptionResolver:199] http-nio-8080-exec-1cid  [,] - Resolved [org.springframework.web.HttpRequestMethodNotSupportedException: Request method 'POST' not supported]
2022-07-11 17:38:59.404 [http-nio-8080-exec-3] WARN  [org.springframework.web.servlet.mvc.support.DefaultHandlerExceptionResolver:199] http-nio-8080-exec-3cid  [,] - Resolved [org.springframework.web.HttpRequestMethodNotSupportedException: Request method 'POST' not supported]
2022-07-11 17:39:10.795 [http-nio-8080-exec-4] WARN  [org.springframework.web.servlet.mvc.support.DefaultHandlerExceptionResolver:199] http-nio-8080-exec-4cid  [,] - Resolved [org.springframework.web.bind.MissingServletRequestParameterException: Required String parameter 'str' is not present]
2022-07-11 17:42:43.182 [SpringContextShutdownHook] INFO  [org.springframework.scheduling.concurrent.ThreadPoolTaskExecutor:218] SpringContextShutdownHookcid  [,] - Shutting down ExecutorService 'applicationTaskExecutor'
2022-07-11 17:42:47.557 [main] INFO  [com.limitway.current.LimitApplication:55] maincid  [,] - Starting LimitApplication on bogon with PID 20093 (/Users/zhaoyanan/Documents/workspace/limitway/target/classes started by zhaoyanan in /Users/zhaoyanan/Documents/workspace/limitway)
2022-07-11 17:42:47.564 [main] INFO  [com.limitway.current.LimitApplication:651] maincid  [,] - No active profile set, falling back to default profiles: default
2022-07-11 17:42:48.317 [main] INFO  [org.springframework.data.repository.config.RepositoryConfigurationDelegate:249] maincid  [,] - Multiple Spring Data modules found, entering strict repository configuration mode!
2022-07-11 17:42:48.319 [main] INFO  [org.springframework.data.repository.config.RepositoryConfigurationDelegate:127] maincid  [,] - Bootstrapping Spring Data Redis repositories in DEFAULT mode.
2022-07-11 17:42:48.345 [main] INFO  [org.springframework.data.repository.config.RepositoryConfigurationDelegate:187] maincid  [,] - Finished Spring Data repository scanning in 13ms. Found 0 Redis repository interfaces.
2022-07-11 17:42:49.119 [main] INFO  [org.springframework.boot.web.embedded.tomcat.TomcatWebServer:108] maincid  [,] - Tomcat initialized with port(s): 8080 (http)
2022-07-11 17:42:49.126 [main] INFO  [org.apache.coyote.http11.Http11NioProtocol:173] maincid  [,] - Initializing ProtocolHandler ["http-nio-8080"]
2022-07-11 17:42:49.127 [main] INFO  [org.apache.catalina.core.StandardService:173] maincid  [,] - Starting service [Tomcat]
2022-07-11 17:42:49.127 [main] INFO  [org.apache.catalina.core.StandardEngine:173] maincid  [,] - Starting Servlet engine: [Apache Tomcat/9.0.37]
2022-07-11 17:42:49.185 [main] INFO  [org.apache.catalina.core.ContainerBase.[Tomcat].[localhost].[/]:173] maincid  [,] - Initializing Spring embedded WebApplicationContext
2022-07-11 17:42:49.185 [main] INFO  [org.springframework.boot.web.servlet.context.ServletWebServerApplicationContext:285] maincid  [,] - Root WebApplicationContext: initialization completed in 1565 ms
2022-07-11 17:42:49.325 [main] INFO  [org.redisson.Version:41] maincid  [,] - Redisson 3.15.5
2022-07-11 17:42:49.576 [redisson-netty-2-15] INFO  [org.redisson.connection.pool.MasterPubSubConnectionPool:166] redisson-netty-2-15cid  [,] - 1 connections initialized for /127.0.0.1:6379
2022-07-11 17:42:49.582 [redisson-netty-2-17] INFO  [org.redisson.connection.pool.MasterConnectionPool:166] redisson-netty-2-17cid  [,] - 24 connections initialized for /127.0.0.1:6379
2022-07-11 17:42:50.110 [main] INFO  [org.springframework.scheduling.concurrent.ThreadPoolTaskExecutor:181] maincid  [,] - Initializing ExecutorService 'applicationTaskExecutor'
2022-07-11 17:42:50.367 [main] WARN  [org.springframework.boot.autoconfigure.freemarker.FreeMarkerAutoConfiguration:67] maincid  [,] - Cannot find template location(s): [classpath:/templates/] (please add some templates, check your FreeMarker configuration, or set spring.freemarker.checkTemplateLocation=false)
2022-07-11 17:42:50.401 [main] INFO  [org.apache.coyote.http11.Http11NioProtocol:173] maincid  [,] - Starting ProtocolHandler ["http-nio-8080"]
2022-07-11 17:42:50.412 [main] INFO  [org.springframework.boot.web.embedded.tomcat.TomcatWebServer:220] maincid  [,] - Tomcat started on port(s): 8080 (http) with context path ''
2022-07-11 17:42:50.420 [main] INFO  [com.limitway.current.LimitApplication:61] maincid  [,] - Started LimitApplication in 3.542 seconds (JVM running for 5.001)
2022-07-11 17:43:03.555 [http-nio-8080-exec-1] INFO  [org.apache.catalina.core.ContainerBase.[Tomcat].[localhost].[/]:173] http-nio-8080-exec-1cid  [,] - Initializing Spring DispatcherServlet 'dispatcherServlet'
2022-07-11 17:43:03.555 [http-nio-8080-exec-1] INFO  [org.springframework.web.servlet.DispatcherServlet:525] http-nio-8080-exec-1cid  [,] - Initializing Servlet 'dispatcherServlet'
2022-07-11 17:43:03.565 [http-nio-8080-exec-1] INFO  [org.springframework.web.servlet.DispatcherServlet:547] http-nio-8080-exec-1cid  [,] - Completed initialization in 10 ms
2022-07-11 17:43:03.595 [http-nio-8080-exec-1] WARN  [org.springframework.web.servlet.mvc.support.DefaultHandlerExceptionResolver:199] http-nio-8080-exec-1cid  [,] - Resolved [org.springframework.web.bind.MissingServletRequestParameterException: Required String parameter 'str' is not present]
2022-07-11 17:44:00.422 [http-nio-8080-exec-2] ERROR [org.apache.catalina.core.ContainerBase.[Tomcat].[localhost].[/].[dispatcherServlet]:175] http-nio-8080-exec-2cid  [,] - Servlet.service() for servlet [dispatcherServlet] in context with path [] threw exception [Handler dispatch failed; nested exception is java.lang.IllegalAccessError: tried to access class com.limitway.current.base.ConfigTreeNode$State from class com.alibaba.fastjson2.reader.ObjectReader_1] with root cause
java.lang.IllegalAccessError: tried to access class com.limitway.current.base.ConfigTreeNode$State from class com.alibaba.fastjson2.reader.ObjectReader_1
	at com.alibaba.fastjson2.reader.ObjectReader_1.readObject(Unknown Source) ~[?:?]
	at com.alibaba.fastjson.JSON.parseObject(JSON.java:185) ~[fastjson-2.0.8.jar:?]
	at com.limitway.current.controller.LockController.stddd(LockController.java:70) ~[classes/:?]
	at sun.reflect.NativeMethodAccessorImpl.invoke0(Native Method) ~[?:1.8.0_181]
	at sun.reflect.NativeMethodAccessorImpl.invoke(NativeMethodAccessorImpl.java:62) ~[?:1.8.0_181]
	at sun.reflect.DelegatingMethodAccessorImpl.invoke(DelegatingMethodAccessorImpl.java:43) ~[?:1.8.0_181]
	at java.lang.reflect.Method.invoke(Method.java:498) ~[?:1.8.0_181]
	at org.springframework.web.method.support.InvocableHandlerMethod.doInvoke(InvocableHandlerMethod.java:190) ~[spring-web-5.2.8.RELEASE.jar:5.2.8.RELEASE]
	at org.springframework.web.method.support.InvocableHandlerMethod.invokeForRequest(InvocableHandlerMethod.java:138) ~[spring-web-5.2.8.RELEASE.jar:5.2.8.RELEASE]
	at org.springframework.web.servlet.mvc.method.annotation.ServletInvocableHandlerMethod.invokeAndHandle(ServletInvocableHandlerMethod.java:105) ~[spring-webmvc-5.2.8.RELEASE.jar:5.2.8.RELEASE]
	at org.springframework.web.servlet.mvc.method.annotation.RequestMappingHandlerAdapter.invokeHandlerMethod(RequestMappingHandlerAdapter.java:878) ~[spring-webmvc-5.2.8.RELEASE.jar:5.2.8.RELEASE]
	at org.springframework.web.servlet.mvc.method.annotation.RequestMappingHandlerAdapter.handleInternal(RequestMappingHandlerAdapter.java:792) ~[spring-webmvc-5.2.8.RELEASE.jar:5.2.8.RELEASE]
	at org.springframework.web.servlet.mvc.method.AbstractHandlerMethodAdapter.handle(AbstractHandlerMethodAdapter.java:87) ~[spring-webmvc-5.2.8.RELEASE.jar:5.2.8.RELEASE]
	at org.springframework.web.servlet.DispatcherServlet.doDispatch(DispatcherServlet.java:1040) ~[spring-webmvc-5.2.8.RELEASE.jar:5.2.8.RELEASE]
	at org.springframework.web.servlet.DispatcherServlet.doService(DispatcherServlet.java:943) ~[spring-webmvc-5.2.8.RELEASE.jar:5.2.8.RELEASE]
	at org.springframework.web.servlet.FrameworkServlet.processRequest(FrameworkServlet.java:1006) ~[spring-webmvc-5.2.8.RELEASE.jar:5.2.8.RELEASE]
	at org.springframework.web.servlet.FrameworkServlet.doGet(FrameworkServlet.java:898) ~[spring-webmvc-5.2.8.RELEASE.jar:5.2.8.RELEASE]
	at javax.servlet.http.HttpServlet.service(HttpServlet.java:626) ~[tomcat-embed-core-9.0.37.jar:4.0.FR]
	at org.springframework.web.servlet.FrameworkServlet.service(FrameworkServlet.java:883) ~[spring-webmvc-5.2.8.RELEASE.jar:5.2.8.RELEASE]
	at javax.servlet.http.HttpServlet.service(HttpServlet.java:733) ~[tomcat-embed-core-9.0.37.jar:4.0.FR]
	at org.apache.catalina.core.ApplicationFilterChain.internalDoFilter(ApplicationFilterChain.java:231) ~[tomcat-embed-core-9.0.37.jar:9.0.37]
	at org.apache.catalina.core.ApplicationFilterChain.doFilter(ApplicationFilterChain.java:166) ~[tomcat-embed-core-9.0.37.jar:9.0.37]
	at org.apache.tomcat.websocket.server.WsFilter.doFilter(WsFilter.java:53) ~[tomcat-embed-websocket-9.0.37.jar:9.0.37]
	at org.apache.catalina.core.ApplicationFilterChain.internalDoFilter(ApplicationFilterChain.java:193) ~[tomcat-embed-core-9.0.37.jar:9.0.37]
	at org.apache.catalina.core.ApplicationFilterChain.doFilter(ApplicationFilterChain.java:166) ~[tomcat-embed-core-9.0.37.jar:9.0.37]
	at org.springframework.web.filter.RequestContextFilter.doFilterInternal(RequestContextFilter.java:100) ~[spring-web-5.2.8.RELEASE.jar:5.2.8.RELEASE]
	at org.springframework.web.filter.OncePerRequestFilter.doFilter(OncePerRequestFilter.java:119) ~[spring-web-5.2.8.RELEASE.jar:5.2.8.RELEASE]
	at org.apache.catalina.core.ApplicationFilterChain.internalDoFilter(ApplicationFilterChain.java:193) ~[tomcat-embed-core-9.0.37.jar:9.0.37]
	at org.apache.catalina.core.ApplicationFilterChain.doFilter(ApplicationFilterChain.java:166) ~[tomcat-embed-core-9.0.37.jar:9.0.37]
	at org.springframework.web.filter.FormContentFilter.doFilterInternal(FormContentFilter.java:93) ~[spring-web-5.2.8.RELEASE.jar:5.2.8.RELEASE]
	at org.springframework.web.filter.OncePerRequestFilter.doFilter(OncePerRequestFilter.java:119) ~[spring-web-5.2.8.RELEASE.jar:5.2.8.RELEASE]
	at org.apache.catalina.core.ApplicationFilterChain.internalDoFilter(ApplicationFilterChain.java:193) ~[tomcat-embed-core-9.0.37.jar:9.0.37]
	at org.apache.catalina.core.ApplicationFilterChain.doFilter(ApplicationFilterChain.java:166) ~[tomcat-embed-core-9.0.37.jar:9.0.37]
	at org.springframework.web.filter.CharacterEncodingFilter.doFilterInternal(CharacterEncodingFilter.java:201) ~[spring-web-5.2.8.RELEASE.jar:5.2.8.RELEASE]
	at org.springframework.web.filter.OncePerRequestFilter.doFilter(OncePerRequestFilter.java:119) ~[spring-web-5.2.8.RELEASE.jar:5.2.8.RELEASE]
	at org.apache.catalina.core.ApplicationFilterChain.internalDoFilter(ApplicationFilterChain.java:193) ~[tomcat-embed-core-9.0.37.jar:9.0.37]
	at org.apache.catalina.core.ApplicationFilterChain.doFilter(ApplicationFilterChain.java:166) ~[tomcat-embed-core-9.0.37.jar:9.0.37]
	at org.apache.catalina.core.StandardWrapperValve.invoke(StandardWrapperValve.java:202) ~[tomcat-embed-core-9.0.37.jar:9.0.37]
	at org.apache.catalina.core.StandardContextValve.invoke(StandardContextValve.java:96) ~[tomcat-embed-core-9.0.37.jar:9.0.37]
	at org.apache.catalina.authenticator.AuthenticatorBase.invoke(AuthenticatorBase.java:541) ~[tomcat-embed-core-9.0.37.jar:9.0.37]
	at org.apache.catalina.core.StandardHostValve.invoke(StandardHostValve.java:139) ~[tomcat-embed-core-9.0.37.jar:9.0.37]
	at org.apache.catalina.valves.ErrorReportValve.invoke(ErrorReportValve.java:92) ~[tomcat-embed-core-9.0.37.jar:9.0.37]
	at org.apache.catalina.core.StandardEngineValve.invoke(StandardEngineValve.java:74) ~[tomcat-embed-core-9.0.37.jar:9.0.37]
	at org.apache.catalina.connector.CoyoteAdapter.service(CoyoteAdapter.java:343) ~[tomcat-embed-core-9.0.37.jar:9.0.37]
	at org.apache.coyote.http11.Http11Processor.service(Http11Processor.java:373) ~[tomcat-embed-core-9.0.37.jar:9.0.37]
	at org.apache.coyote.AbstractProcessorLight.process(AbstractProcessorLight.java:65) ~[tomcat-embed-core-9.0.37.jar:9.0.37]
	at org.apache.coyote.AbstractProtocol$ConnectionHandler.process(AbstractProtocol.java:868) ~[tomcat-embed-core-9.0.37.jar:9.0.37]
	at org.apache.tomcat.util.net.NioEndpoint$SocketProcessor.doRun(NioEndpoint.java:1589) ~[tomcat-embed-core-9.0.37.jar:9.0.37]
	at org.apache.tomcat.util.net.SocketProcessorBase.run(SocketProcessorBase.java:49) ~[tomcat-embed-core-9.0.37.jar:9.0.37]
	at java.util.concurrent.ThreadPoolExecutor.runWorker(ThreadPoolExecutor.java:1149) ~[?:1.8.0_181]
	at java.util.concurrent.ThreadPoolExecutor$Worker.run(ThreadPoolExecutor.java:624) ~[?:1.8.0_181]
	at org.apache.tomcat.util.threads.TaskThread$WrappingRunnable.run(TaskThread.java:61) ~[tomcat-embed-core-9.0.37.jar:9.0.37]
	at java.lang.Thread.run(Thread.java:748) [?:1.8.0_181]
2022-07-11 17:45:20.988 [SpringContextShutdownHook] INFO  [org.springframework.scheduling.concurrent.ThreadPoolTaskExecutor:218] SpringContextShutdownHookcid  [,] - Shutting down ExecutorService 'applicationTaskExecutor'
